Log file open, 10/20/20 10:36:37
LogInit: Display: Running engine for game: HideNSneakUnreal
LogPlatformFile: Not using cached read wrapper
LogTaskGraph: Started task graph with 5 named threads and 14 total threads with 3 sets of task threads.
LogStats: Stats thread started at 0.406806
LogD3D11RHI: Loaded GFSDK_Aftermath_Lib.x64.dll
LogICUInternationalization: ICU TimeZone Detection - Raw Offset: +1:00, Platform Override: ''
LogPluginManager: Mounting plugin Paper2D
LogPluginManager: Mounting plugin AdvancedSessions
LogPluginManager: Mounting plugin AdvancedSteamSessions
LogPluginManager: Mounting plugin AISupport
LogPluginManager: Mounting plugin LightPropagationVolume
LogPluginManager: Mounting plugin CameraShakePreviewer
LogPluginManager: Mounting plugin ActorLayerUtilities
LogPluginManager: Mounting plugin AnimationSharing
LogPluginManager: Mounting plugin CLionSourceCodeAccess
LogPluginManager: Mounting plugin CodeLiteSourceCodeAccess
LogPluginManager: Mounting plugin GitSourceControl
LogPluginManager: Mounting plugin KDevelopSourceCodeAccess
LogPluginManager: Mounting plugin NullSourceCodeAccess
LogPluginManager: Mounting plugin PerforceSourceControl
LogPluginManager: Mounting plugin PlasticSourceControl
LogPluginManager: Mounting plugin RiderSourceCodeAccess
LogPluginManager: Mounting plugin SubversionSourceControl
LogPluginManager: Mounting plugin UObjectPlugin
LogPluginManager: Mounting plugin VisualStudioCodeSourceCodeAccess
LogPluginManager: Mounting plugin VisualStudioSourceCodeAccess
LogPluginManager: Mounting plugin XCodeSourceCodeAccess
LogPluginManager: Mounting plugin AssetManagerEditor
LogPluginManager: Mounting plugin CryptoKeys
LogPluginManager: Mounting plugin CurveEditorTools
LogPluginManager: Mounting plugin DataValidation
LogPluginManager: Mounting plugin EditorScriptingUtilities
LogPluginManager: Mounting plugin FacialAnimation
LogPluginManager: Mounting plugin GameplayTagsEditor
LogPluginManager: Mounting plugin GeometryMode
LogPluginManager: Mounting plugin MacGraphicsSwitching
LogPluginManager: Mounting plugin MaterialAnalyzer
LogPluginManager: Mounting plugin MobileLauncherProfileWizard
LogPluginManager: Mounting plugin PluginBrowser
LogPluginManager: Mounting plugin SpeedTreeImporter
LogPluginManager: Mounting plugin DatasmithContent
LogPluginManager: Mounting plugin VariantManagerContent
LogPluginManager: Mounting plugin AlembicImporter
LogPluginManager: Mounting plugin AutomationUtils
LogPluginManager: Mounting plugin BackChannel
LogPluginManager: Mounting plugin ChaosCloth
LogPluginManager: Mounting plugin ChaosClothEditor
LogPluginManager: Mounting plugin ChaosEditor
LogPluginManager: Mounting plugin ChaosNiagara
LogPluginManager: Mounting plugin ChaosSolverPlugin
LogPluginManager: Mounting plugin CharacterAI
LogPluginManager: Mounting plugin GeometryCache
LogPluginManager: Mounting plugin GeometryCollectionPlugin
LogPluginManager: Mounting plugin GeometryProcessing
LogPluginManager: Mounting plugin PlanarCut
LogPluginManager: Mounting plugin PlatformCrypto
LogPluginManager: Mounting plugin ProxyLODPlugin
LogPluginManager: Mounting plugin SkeletalReduction
LogPluginManager: Mounting plugin Niagara
LogPluginManager: Mounting plugin MagicLeap
LogPluginManager: Mounting plugin MagicLeapLightEstimation
LogPluginManager: Mounting plugin MagicLeapMedia
LogPluginManager: Mounting plugin MagicLeapPassableWorld
LogPluginManager: Mounting plugin MLSDK
LogPluginManager: Mounting plugin AndroidMedia
LogPluginManager: Mounting plugin AvfMedia
LogPluginManager: Mounting plugin ImgMedia
LogPluginManager: Mounting plugin MediaCompositing
LogPluginManager: Mounting plugin MediaPlayerEditor
LogPluginManager: Mounting plugin WebMMedia
LogPluginManager: Mounting plugin WmfMedia
LogPluginManager: Mounting plugin MeshPainting
LogPluginManager: Mounting plugin TcpMessaging
LogPluginManager: Mounting plugin UdpMessaging
LogPluginManager: Mounting plugin ActorSequence
LogPluginManager: Mounting plugin LevelSequenceEditor
LogPluginManager: Mounting plugin MatineeToLevelSequence
LogPluginManager: Mounting plugin MovieRenderPipeline
LogPluginManager: Mounting plugin TemplateSequence
LogPluginManager: Mounting plugin NetcodeUnitTest
LogPluginManager: Mounting plugin NUTUnrealEngine4
LogPluginManager: Mounting plugin OnlineSubsystemGooglePlay
LogPluginManager: Mounting plugin OnlineSubsystemIOS
LogPluginManager: Mounting plugin OnlineSubsystem
LogPluginManager: Mounting plugin OnlineSubsystemNull
LogPluginManager: Mounting plugin OnlineSubsystemSteam
LogPluginManager: Mounting plugin OnlineSubsystemUtils
LogPluginManager: Mounting plugin LauncherChunkInstaller
LogPluginManager: Mounting plugin AndroidDeviceProfileSelector
LogPluginManager: Mounting plugin AndroidMoviePlayer
LogPluginManager: Mounting plugin AndroidPermission
LogPluginManager: Mounting plugin AppleImageUtils
LogPluginManager: Mounting plugin AppleMoviePlayer
LogPluginManager: Mounting plugin ArchVisCharacter
LogPluginManager: Mounting plugin AssetTags
LogPluginManager: Mounting plugin AudioCapture
LogPluginManager: Mounting plugin CableComponent
LogPluginManager: Mounting plugin CustomMeshComponent
LogPluginManager: Mounting plugin EditableMesh
LogPluginManager: Mounting plugin ExampleDeviceProfileSelector
LogPluginManager: Mounting plugin GoogleCloudMessaging
LogPluginManager: Mounting plugin GooglePAD
LogPluginManager: Mounting plugin IOSDeviceProfileSelector
LogPluginManager: Mounting plugin LinuxDeviceProfileSelector
LogPluginManager: Mounting plugin LocationServicesBPLibrary
LogPluginManager: Mounting plugin MobilePatchingUtils
LogPluginManager: Mounting plugin OculusVR
LogPluginManager: Mounting plugin PhysXVehicles
LogPluginManager: Mounting plugin PostSplashScreen
LogPluginManager: Mounting plugin ProceduralMeshComponent
LogPluginManager: Mounting plugin RuntimePhysXCooking
LogPluginManager: Mounting plugin SignificanceManager
LogPluginManager: Mounting plugin SoundFields
LogPluginManager: Mounting plugin SteamShared
LogPluginManager: Mounting plugin SteamVR
LogPluginManager: Mounting plugin Synthesis
LogPluginManager: Mounting plugin WebMMoviePlayer
LogPluginManager: Mounting plugin WindowsMoviePlayer
LogPluginManager: Mounting plugin ScreenshotTools
LogInit: Using libcurl 7.55.1-DEV
LogInit:  - built for x86_64-pc-win32
LogInit:  - supports SSL with OpenSSL/1.1.1
LogInit:  - supports HTTP deflate (compression) using libz 1.2.8
LogInit:  - other features:
LogInit:      CURL_VERSION_SSL
LogInit:      CURL_VERSION_LIBZ
LogInit:      CURL_VERSION_IPV6
LogInit:      CURL_VERSION_ASYNCHDNS
LogInit:      CURL_VERSION_LARGEFILE
LogInit:      CURL_VERSION_IDN
LogInit:  CurlRequestOptions (configurable via config and command line):
LogInit:  - bVerifyPeer = true  - Libcurl will verify peer certificate
LogInit:  - bUseHttpProxy = false  - Libcurl will NOT use HTTP proxy
LogInit:  - bDontReuseConnections = false  - Libcurl will reuse connections
LogInit:  - MaxHostConnections = 16  - Libcurl will limit the number of connections to a host
LogInit:  - LocalHostAddr = Default
LogInit:  - BufferSize = 65536
LogSteamShared: Display: Loading Steam SDK 1.47
LogSteamShared: Steam SDK Loaded!
LogOnline: OSS: Creating online subsystem instance for: Steam
LogOnline: Warning: STEAM: Steam API disabled!
LogOnline: Display: STEAM: OnlineSubsystemSteam::Shutdown()
LogOnline: OSS: Unable to create OnlineSubsystem module Steam
LogOnline: OSS: Creating online subsystem instance for: NULL
LogInit: WinSock: version 1.1 (2.2), MaxSocks=32767, MaxUdp=65467
LogOnline: OSS: TryLoadSubsystemAndSetDefault: Loaded subsystem for module [NULL]
LogInit: Build: ++UE4+Release-4.25-CL-13942748
LogInit: Engine Version: 4.25.3-13942748+++UE4+Release-4.25
LogInit: Compatible Engine Version: 4.25.0-13144385+++UE4+Release-4.25
LogInit: Net CL: 13144385
LogInit: OS: Windows 10 (Release 2004) (), CPU: Intel(R) Core(TM) i5-7500T CPU @ 2.70GHz, GPU: NVIDIA GeForce GTX 1060
LogInit: Compiled (64-bit): Jul 25 2020 02:07:48
LogInit: Compiled with Visual C++: 19.24.28315.00
LogInit: Build Configuration: Development
LogInit: Branch Name: ++UE4+Release-4.25
LogInit: Command Line:  /Game/Maps/Menu -game -PIEVIACONSOLE -Multiprocess -server -logGameUserSettingsINI="C:/Users/Olle/Documents/Game Projects/PROJ_Grupp2/HideNSneakUnreal/Saved/Config/Windows/PIEGameUserSettings0.ini" -MultiprocessSaveConfig -MultiprocessOSS -messaging -SessionName="Play in Standalone Game" -port=17777 -windowed
LogInit: Base Directory: C:/Program Files/Epic Games/UE_4.25/Engine/Binaries/Win64/
LogInit: Allocator: TBB
LogInit: Installed Engine Build: 1
LogDevObjectVersion: Number of dev versions registered: 26
LogDevObjectVersion:   Dev-Blueprints (B0D832E4-1F89-4F0D-ACCF-7EB736FD4AA2): 10
LogDevObjectVersion:   Dev-Build (E1C64328-A22C-4D53-A36C-8E866417BD8C): 0
LogDevObjectVersion:   Dev-Core (375EC13C-06E4-48FB-B500-84F0262A717E): 4
LogDevObjectVersion:   Dev-Editor (E4B068ED-F494-42E9-A231-DA0B2E46BB41): 38
LogDevObjectVersion:   Dev-Framework (CFFC743F-43B0-4480-9391-14DF171D2073): 37
LogDevObjectVersion:   Dev-Mobile (B02B49B5-BB20-44E9-A304-32B752E40360): 2
LogDevObjectVersion:   Dev-Networking (A4E4105C-59A1-49B5-A7C5-40C4547EDFEE): 0
LogDevObjectVersion:   Dev-Online (39C831C9-5AE6-47DC-9A44-9C173E1C8E7C): 0
LogDevObjectVersion:   Dev-Physics (78F01B33-EBEA-4F98-B9B4-84EACCB95AA2): 4
LogDevObjectVersion:   Dev-Platform (6631380F-2D4D-43E0-8009-CF276956A95A): 0
LogDevObjectVersion:   Dev-Rendering (12F88B9F-8875-4AFC-A67C-D90C383ABD29): 43
LogDevObjectVersion:   Dev-Sequencer (7B5AE74C-D270-4C10-A958-57980B212A5A): 12
LogDevObjectVersion:   Dev-VR (D7296918-1DD6-4BDD-9DE2-64A83CC13884): 3
LogDevObjectVersion:   Dev-LoadTimes (C2A15278-BFE7-4AFE-6C17-90FF531DF755): 1
LogDevObjectVersion:   Private-Geometry (6EACA3D4-40EC-4CC1-B786-8BED09428FC5): 3
LogDevObjectVersion:   Dev-AnimPhys (29E575DD-E0A3-4627-9D10-D276232CDCEA): 17
LogDevObjectVersion:   Dev-Anim (AF43A65D-7FD3-4947-9873-3E8ED9C1BB05): 7
LogDevObjectVersion:   Dev-ReflectionCapture (6B266CEC-1EC7-4B8F-A30B-E4D90942FC07): 1
LogDevObjectVersion:   Dev-Automation (0DF73D61-A23F-47EA-B727-89E90C41499A): 1
LogDevObjectVersion:   FortniteMain (601D1886-AC64-4F84-AA16-D3DE0DEAC7D6): 31
LogDevObjectVersion:   Dev-Enterprise (9DFFBCD6-494F-0158-E221-12823C92A888): 10
LogDevObjectVersion:   Dev-Niagara (F2AED0AC-9AFE-416F-8664-AA7FFA26D6FC): 1
LogDevObjectVersion:   Dev-Destruction (174F1F0B-B4C6-45A5-B13F-2EE8D0FB917D): 10
LogDevObjectVersion:   Dev-Physics-Ext (35F94A83-E258-406C-A318-09F59610247C): 37
LogDevObjectVersion:   Dev-PhysicsMaterial-Chaos (B68FC16E-8B1B-42E2-B453-215C058844FE): 1
LogDevObjectVersion:   Dev-CineCamera (B2E18506-4273-CFC2-A54E-F4BB758BBA07): 1
LogInit: Presizing for max 25165824 objects, including 0 objects not considered by GC, pre-allocating 0 bytes for permanent pool.
LogConfig: Applying CVar settings from Section [/Script/Engine.StreamingSettings] File [C:/Users/Olle/Documents/Game Projects/PROJ_Grupp2/HideNSneakUnreal/Saved/Config/Windows/Engine.ini]
LogConfig: Setting CVar [[s.MinBulkDataSizeForAsyncLoading:131072]]
LogConfig: Setting CVar [[s.AsyncLoadingThreadEnabled:0]]
LogConfig: Setting CVar [[s.EventDrivenLoaderEnabled:1]]
LogConfig: Setting CVar [[s.WarnIfTimeLimitExceeded:0]]
LogConfig: Setting CVar [[s.TimeLimitExceededMultiplier:1.5]]
LogConfig: Setting CVar [[s.TimeLimitExceededMinTime:0.005]]
LogConfig: Setting CVar [[s.UseBackgroundLevelStreaming:1]]
LogConfig: Setting CVar [[s.PriorityAsyncLoadingExtraTime:15.0]]
LogConfig: Setting CVar [[s.LevelStreamingActorsUpdateTimeLimit:5.0]]
LogConfig: Setting CVar [[s.PriorityLevelStreamingActorsUpdateExtraTime:5.0]]
LogConfig: Setting CVar [[s.LevelStreamingComponentsRegistrationGranularity:10]]
LogConfig: Setting CVar [[s.UnregisterComponentsTimeLimit:1.0]]
LogConfig: Setting CVar [[s.LevelStreamingComponentsUnregistrationGranularity:5]]
LogConfig: Setting CVar [[s.FlushStreamingOnExit:1]]
LogInit: Object subsystem initialized
LogConfig: Setting CVar [[con.DebugEarlyDefault:1]]
LogConfig: Setting CVar [[r.setres:1280x720]]
[2020.10.20-08.36.38:060][  0]LogConfig: Setting CVar [[con.DebugEarlyDefault:1]]
[2020.10.20-08.36.38:060][  0]LogConfig: Setting CVar [[r.setres:1280x720]]
[2020.10.20-08.36.38:060][  0]LogConfig: Applying CVar settings from Section [/Script/Engine.RendererSettings] File [C:/Users/Olle/Documents/Game Projects/PROJ_Grupp2/HideNSneakUnreal/Saved/Config/Windows/Engine.ini]
[2020.10.20-08.36.38:060][  0]LogConfig: Setting CVar [[r.GPUCrashDebugging:0]]
[2020.10.20-08.36.38:060][  0]LogConfig: Applying CVar settings from Section [/Script/Engine.RendererOverrideSettings] File [C:/Users/Olle/Documents/Game Projects/PROJ_Grupp2/HideNSneakUnreal/Saved/Config/Windows/Engine.ini]
[2020.10.20-08.36.38:060][  0]LogConfig: Applying CVar settings from Section [/Script/Engine.StreamingSettings] File [C:/Users/Olle/Documents/Game Projects/PROJ_Grupp2/HideNSneakUnreal/Saved/Config/Windows/Engine.ini]
[2020.10.20-08.36.38:060][  0]LogConfig: Setting CVar [[s.MinBulkDataSizeForAsyncLoading:131072]]
[2020.10.20-08.36.38:060][  0]LogConfig: Setting CVar [[s.AsyncLoadingThreadEnabled:0]]
[2020.10.20-08.36.38:060][  0]LogConfig: Setting CVar [[s.EventDrivenLoaderEnabled:1]]
[2020.10.20-08.36.38:061][  0]LogConfig: Setting CVar [[s.WarnIfTimeLimitExceeded:0]]
[2020.10.20-08.36.38:061][  0]LogConfig: Setting CVar [[s.TimeLimitExceededMultiplier:1.5]]
[2020.10.20-08.36.38:061][  0]LogConfig: Setting CVar [[s.TimeLimitExceededMinTime:0.005]]
[2020.10.20-08.36.38:061][  0]LogConfig: Setting CVar [[s.UseBackgroundLevelStreaming:1]]
[2020.10.20-08.36.38:061][  0]LogConfig: Setting CVar [[s.PriorityAsyncLoadingExtraTime:15.0]]
[2020.10.20-08.36.38:061][  0]LogConfig: Setting CVar [[s.LevelStreamingActorsUpdateTimeLimit:5.0]]
[2020.10.20-08.36.38:061][  0]LogConfig: Setting CVar [[s.PriorityLevelStreamingActorsUpdateExtraTime:5.0]]
[2020.10.20-08.36.38:061][  0]LogConfig: Setting CVar [[s.LevelStreamingComponentsRegistrationGranularity:10]]
[2020.10.20-08.36.38:061][  0]LogConfig: Setting CVar [[s.UnregisterComponentsTimeLimit:1.0]]
[2020.10.20-08.36.38:061][  0]LogConfig: Setting CVar [[s.LevelStreamingComponentsUnregistrationGranularity:5]]
[2020.10.20-08.36.38:061][  0]LogConfig: Setting CVar [[s.FlushStreamingOnExit:1]]
[2020.10.20-08.36.38:061][  0]LogConfig: Applying CVar settings from Section [/Script/Engine.GarbageCollectionSettings] File [C:/Users/Olle/Documents/Game Projects/PROJ_Grupp2/HideNSneakUnreal/Saved/Config/Windows/Engine.ini]
[2020.10.20-08.36.38:061][  0]LogConfig: Setting CVar [[gc.MaxObjectsNotConsideredByGC:1]]
[2020.10.20-08.36.38:061][  0]LogConfig: Setting CVar [[gc.SizeOfPermanentObjectPool:0]]
[2020.10.20-08.36.38:061][  0]LogConfig: Setting CVar [[gc.FlushStreamingOnGC:0]]
[2020.10.20-08.36.38:061][  0]LogConfig: Setting CVar [[gc.NumRetriesBeforeForcingGC:10]]
[2020.10.20-08.36.38:061][  0]LogConfig: Setting CVar [[gc.AllowParallelGC:1]]
[2020.10.20-08.36.38:061][  0]LogConfig: Setting CVar [[gc.TimeBetweenPurgingPendingKillObjects:61.1]]
[2020.10.20-08.36.38:061][  0]LogConfig: Setting CVar [[gc.MaxObjectsInEditor:25165824]]
[2020.10.20-08.36.38:061][  0]LogConfig: Setting CVar [[gc.IncrementalBeginDestroyEnabled:1]]
[2020.10.20-08.36.38:061][  0]LogConfig: Setting CVar [[gc.CreateGCClusters:1]]
[2020.10.20-08.36.38:061][  0]LogConfig: Setting CVar [[gc.MinGCClusterSize:5]]
[2020.10.20-08.36.38:061][  0]LogConfig: Setting CVar [[gc.ActorClusteringEnabled:0]]
[2020.10.20-08.36.38:061][  0]LogConfig: Setting CVar [[gc.BlueprintClusteringEnabled:0]]
[2020.10.20-08.36.38:061][  0]LogConfig: Setting CVar [[gc.UseDisregardForGCOnDedicatedServers:0]]
[2020.10.20-08.36.38:061][  0]LogConfig: Applying CVar settings from Section [/Script/Engine.NetworkSettings] File [C:/Users/Olle/Documents/Game Projects/PROJ_Grupp2/HideNSneakUnreal/Saved/Config/Windows/Engine.ini]
[2020.10.20-08.36.38:061][  0]LogConfig: Applying CVar settings from Section [/Script/UnrealEd.CookerSettings] File [C:/Users/Olle/Documents/Game Projects/PROJ_Grupp2/HideNSneakUnreal/Saved/Config/Windows/Engine.ini]
[2020.10.20-08.36.38:061][  0]LogConfig: Applying CVar settings from Section [ViewDistanceQuality@3] File [C:/Users/Olle/Documents/Game Projects/PROJ_Grupp2/HideNSneakUnreal/Saved/Config/Windows/Scalability.ini]
[2020.10.20-08.36.38:061][  0]LogConfig: Setting CVar [[r.SkeletalMeshLODBias:0]]
[2020.10.20-08.36.38:061][  0]LogConfig: Setting CVar [[r.ViewDistanceScale:1.0]]
[2020.10.20-08.36.38:061][  0]LogConfig: Applying CVar settings from Section [AntiAliasingQuality@3] File [C:/Users/Olle/Documents/Game Projects/PROJ_Grupp2/HideNSneakUnreal/Saved/Config/Windows/Scalability.ini]
[2020.10.20-08.36.38:061][  0]LogConfig: Setting CVar [[r.PostProcessAAQuality:4]]
[2020.10.20-08.36.38:061][  0]LogConfig: Applying CVar settings from Section [ShadowQuality@3] File [C:/Users/Olle/Documents/Game Projects/PROJ_Grupp2/HideNSneakUnreal/Saved/Config/Windows/Scalability.ini]
[2020.10.20-08.36.38:061][  0]LogConfig: Setting CVar [[r.LightFunctionQuality:1]]
[2020.10.20-08.36.38:061][  0]LogConfig: Setting CVar [[r.ShadowQuality:5]]
[2020.10.20-08.36.38:061][  0]LogConfig: Setting CVar [[r.Shadow.CSM.MaxCascades:10]]
[2020.10.20-08.36.38:061][  0]LogConfig: Setting CVar [[r.Shadow.MaxResolution:2048]]
[2020.10.20-08.36.38:061][  0]LogConfig: Setting CVar [[r.Shadow.MaxCSMResolution:2048]]
[2020.10.20-08.36.38:061][  0]LogConfig: Setting CVar [[r.Shadow.RadiusThreshold:0.01]]
[2020.10.20-08.36.38:061][  0]LogConfig: Setting CVar [[r.Shadow.DistanceScale:1.0]]
[2020.10.20-08.36.38:061][  0]LogConfig: Setting CVar [[r.Shadow.CSM.TransitionScale:1.0]]
[2020.10.20-08.36.38:061][  0]LogConfig: Setting CVar [[r.Shadow.PreShadowResolutionFactor:1.0]]
[2020.10.20-08.36.38:061][  0]LogConfig: Setting CVar [[r.DistanceFieldShadowing:1]]
[2020.10.20-08.36.38:061][  0]LogConfig: Setting CVar [[r.DistanceFieldAO:1]]
[2020.10.20-08.36.38:061][  0]LogConfig: Setting CVar [[r.AOQuality:2]]
[2020.10.20-08.36.38:061][  0]LogConfig: Setting CVar [[r.VolumetricFog:1]]
[2020.10.20-08.36.38:061][  0]LogConfig: Setting CVar [[r.VolumetricFog.GridPixelSize:8]]
[2020.10.20-08.36.38:061][  0]LogConfig: Setting CVar [[r.VolumetricFog.GridSizeZ:128]]
[2020.10.20-08.36.38:061][  0]LogConfig: Setting CVar [[r.VolumetricFog.HistoryMissSupersampleCount:4]]
[2020.10.20-08.36.38:061][  0]LogConfig: Setting CVar [[r.LightMaxDrawDistanceScale:1]]
[2020.10.20-08.36.38:061][  0]LogConfig: Setting CVar [[r.CapsuleShadows:1]]
[2020.10.20-08.36.38:061][  0]LogConfig: Applying CVar settings from Section [PostProcessQuality@3] File [C:/Users/Olle/Documents/Game Projects/PROJ_Grupp2/HideNSneakUnreal/Saved/Config/Windows/Scalability.ini]
[2020.10.20-08.36.38:061][  0]LogConfig: Setting CVar [[r.MotionBlurQuality:4]]
[2020.10.20-08.36.38:061][  0]LogConfig: Setting CVar [[r.AmbientOcclusionMipLevelFactor:0.4]]
[2020.10.20-08.36.38:061][  0]LogConfig: Setting CVar [[r.AmbientOcclusionMaxQuality:100]]
[2020.10.20-08.36.38:061][  0]LogConfig: Setting CVar [[r.AmbientOcclusionLevels:-1]]
[2020.10.20-08.36.38:061][  0]LogConfig: Setting CVar [[r.AmbientOcclusionRadiusScale:1.0]]
[2020.10.20-08.36.38:061][  0]LogConfig: Setting CVar [[r.DepthOfFieldQuality:2]]
[2020.10.20-08.36.38:062][  0]LogConfig: Setting CVar [[r.RenderTargetPoolMin:400]]
[2020.10.20-08.36.38:062][  0]LogConfig: Setting CVar [[r.LensFlareQuality:2]]
[2020.10.20-08.36.38:062][  0]LogConfig: Setting CVar [[r.SceneColorFringeQuality:1]]
[2020.10.20-08.36.38:062][  0]LogConfig: Setting CVar [[r.EyeAdaptationQuality:2]]
[2020.10.20-08.36.38:062][  0]LogConfig: Setting CVar [[r.BloomQuality:5]]
[2020.10.20-08.36.38:062][  0]LogConfig: Setting CVar [[r.FastBlurThreshold:100]]
[2020.10.20-08.36.38:062][  0]LogConfig: Setting CVar [[r.Upscale.Quality:3]]
[2020.10.20-08.36.38:062][  0]LogConfig: Setting CVar [[r.Tonemapper.GrainQuantization:1]]
[2020.10.20-08.36.38:062][  0]LogConfig: Setting CVar [[r.LightShaftQuality:1]]
[2020.10.20-08.36.38:062][  0]LogConfig: Setting CVar [[r.Filter.SizeScale:1]]
[2020.10.20-08.36.38:062][  0]LogConfig: Setting CVar [[r.Tonemapper.Quality:5]]
[2020.10.20-08.36.38:062][  0]LogConfig: Setting CVar [[r.DOF.Gather.AccumulatorQuality:1        ; higher gathering accumulator quality]]
[2020.10.20-08.36.38:062][  0]LogConfig: Setting CVar [[r.DOF.Gather.PostfilterMethod:1          ; Median3x3 postfilering method]]
[2020.10.20-08.36.38:062][  0]LogConfig: Setting CVar [[r.DOF.Gather.EnableBokehSettings:0       ; no bokeh simulation when gathering]]
[2020.10.20-08.36.38:062][  0]LogConfig: Setting CVar [[r.DOF.Gather.RingCount:4                 ; medium number of samples when gathering]]
[2020.10.20-08.36.38:062][  0]LogConfig: Setting CVar [[r.DOF.Scatter.ForegroundCompositing:1    ; additive foreground scattering]]
[2020.10.20-08.36.38:062][  0]LogConfig: Setting CVar [[r.DOF.Scatter.BackgroundCompositing:2    ; additive background scattering]]
[2020.10.20-08.36.38:062][  0]LogConfig: Setting CVar [[r.DOF.Scatter.EnableBokehSettings:1      ; bokeh simulation when scattering]]
[2020.10.20-08.36.38:062][  0]LogConfig: Setting CVar [[r.DOF.Scatter.MaxSpriteRatio:0.1         ; only a maximum of 10% of scattered bokeh]]
[2020.10.20-08.36.38:062][  0]LogConfig: Setting CVar [[r.DOF.Recombine.Quality:1                ; cheap slight out of focus]]
[2020.10.20-08.36.38:062][  0]LogConfig: Setting CVar [[r.DOF.Recombine.EnableBokehSettings:0    ; no bokeh simulation on slight out of focus]]
[2020.10.20-08.36.38:062][  0]LogConfig: Setting CVar [[r.DOF.TemporalAAQuality:1                ; more stable temporal accumulation]]
[2020.10.20-08.36.38:062][  0]LogConfig: Setting CVar [[r.DOF.Kernel.MaxForegroundRadius:0.025]]
[2020.10.20-08.36.38:062][  0]LogConfig: Setting CVar [[r.DOF.Kernel.MaxBackgroundRadius:0.025]]
[2020.10.20-08.36.38:062][  0]LogConfig: Applying CVar settings from Section [TextureQuality@3] File [C:/Users/Olle/Documents/Game Projects/PROJ_Grupp2/HideNSneakUnreal/Saved/Config/Windows/Scalability.ini]
[2020.10.20-08.36.38:062][  0]LogConfig: Setting CVar [[r.Streaming.MipBias:0]]
[2020.10.20-08.36.38:062][  0]LogConfig: Setting CVar [[r.Streaming.AmortizeCPUToGPUCopy:0]]
[2020.10.20-08.36.38:062][  0]LogConfig: Setting CVar [[r.Streaming.MaxNumTexturesToStreamPerFrame:0]]
[2020.10.20-08.36.38:062][  0]LogConfig: Setting CVar [[r.Streaming.Boost:1]]
[2020.10.20-08.36.38:062][  0]LogConfig: Setting CVar [[r.MaxAnisotropy:8]]
[2020.10.20-08.36.38:062][  0]LogConfig: Setting CVar [[r.VT.MaxAnisotropy:8]]
[2020.10.20-08.36.38:062][  0]LogConfig: Setting CVar [[r.Streaming.LimitPoolSizeToVRAM:0]]
[2020.10.20-08.36.38:062][  0]LogConfig: Setting CVar [[r.Streaming.PoolSize:1000]]
[2020.10.20-08.36.38:062][  0]LogConfig: Setting CVar [[r.Streaming.MaxEffectiveScreenSize:0]]
[2020.10.20-08.36.38:062][  0]LogConfig: Applying CVar settings from Section [EffectsQuality@3] File [C:/Users/Olle/Documents/Game Projects/PROJ_Grupp2/HideNSneakUnreal/Saved/Config/Windows/Scalability.ini]
[2020.10.20-08.36.38:062][  0]LogConfig: Setting CVar [[r.TranslucencyLightingVolumeDim:64]]
[2020.10.20-08.36.38:062][  0]LogConfig: Setting CVar [[r.RefractionQuality:2]]
[2020.10.20-08.36.38:062][  0]LogConfig: Setting CVar [[r.SSR.Quality:3]]
[2020.10.20-08.36.38:062][  0]LogConfig: Setting CVar [[r.SSR.HalfResSceneColor:0]]
[2020.10.20-08.36.38:062][  0]LogConfig: Setting CVar [[r.SceneColorFormat:4]]
[2020.10.20-08.36.38:062][  0]LogConfig: Setting CVar [[r.DetailMode:2]]
[2020.10.20-08.36.38:062][  0]LogConfig: Setting CVar [[r.TranslucencyVolumeBlur:1]]
[2020.10.20-08.36.38:062][  0]LogConfig: Setting CVar [[r.MaterialQualityLevel:1 ; High quality]]
[2020.10.20-08.36.38:062][  0]LogConfig: Setting CVar [[r.SSS.Scale:1]]
[2020.10.20-08.36.38:062][  0]LogConfig: Setting CVar [[r.SSS.SampleSet:2]]
[2020.10.20-08.36.38:062][  0]LogConfig: Setting CVar [[r.SSS.Quality:1]]
[2020.10.20-08.36.38:062][  0]LogConfig: Setting CVar [[r.SSS.HalfRes:0]]
[2020.10.20-08.36.38:062][  0]LogConfig: Setting CVar [[r.SSGI.Quality:3]]
[2020.10.20-08.36.38:062][  0]LogConfig: Setting CVar [[r.EmitterSpawnRateScale:1.0]]
[2020.10.20-08.36.38:062][  0]LogConfig: Setting CVar [[r.ParticleLightQuality:2]]
[2020.10.20-08.36.38:062][  0]LogConfig: Setting CVar [[r.SkyAtmosphere.AerialPerspectiveLUT.FastApplyOnOpaque:1 ; Always have FastSkyLUT 1 in this case to avoid wrong sky]]
[2020.10.20-08.36.38:062][  0]LogConfig: Setting CVar [[r.SkyAtmosphere.AerialPerspectiveLUT.SampleCountPerSlice:1]]
[2020.10.20-08.36.38:062][  0]LogConfig: Setting CVar [[r.SkyAtmosphere.AerialPerspectiveLUT.DepthResolution:16.0]]
[2020.10.20-08.36.38:062][  0]LogConfig: Setting CVar [[r.SkyAtmosphere.FastSkyLUT:1]]
[2020.10.20-08.36.38:063][  0]LogConfig: Setting CVar [[r.SkyAtmosphere.FastSkyLUT.SampleCountMin:4.0]]
[2020.10.20-08.36.38:063][  0]LogConfig: Setting CVar [[r.SkyAtmosphere.FastSkyLUT.SampleCountMax:32.0]]
[2020.10.20-08.36.38:063][  0]LogConfig: Setting CVar [[r.SkyAtmosphere.SampleCountMin:4.0]]
[2020.10.20-08.36.38:063][  0]LogConfig: Setting CVar [[r.SkyAtmosphere.SampleCountMax:32.0]]
[2020.10.20-08.36.38:063][  0]LogConfig: Setting CVar [[r.SkyAtmosphere.TransmittanceLUT.UseSmallFormat:0]]
[2020.10.20-08.36.38:063][  0]LogConfig: Setting CVar [[r.SkyAtmosphere.TransmittanceLUT.SampleCount:10.0]]
[2020.10.20-08.36.38:063][  0]LogConfig: Setting CVar [[r.SkyAtmosphere.MultiScatteringLUT.SampleCount:15.0]]
[2020.10.20-08.36.38:063][  0]LogConfig: Applying CVar settings from Section [FoliageQuality@3] File [C:/Users/Olle/Documents/Game Projects/PROJ_Grupp2/HideNSneakUnreal/Saved/Config/Windows/Scalability.ini]
[2020.10.20-08.36.38:063][  0]LogConfig: Setting CVar [[foliage.DensityScale:1.0]]
[2020.10.20-08.36.38:063][  0]LogConfig: Setting CVar [[grass.DensityScale:1.0]]
[2020.10.20-08.36.38:063][  0]LogConfig: Applying CVar settings from Section [ShadingQuality@3] File [C:/Users/Olle/Documents/Game Projects/PROJ_Grupp2/HideNSneakUnreal/Saved/Config/Windows/Scalability.ini]
[2020.10.20-08.36.38:063][  0]LogConfig: Setting CVar [[r.HairStrands.SkyLighting.SampleCount:16]]
[2020.10.20-08.36.38:063][  0]LogConfig: Setting CVar [[r.HairStrands.SkyLighting.JitterIntegration:0]]
[2020.10.20-08.36.38:063][  0]LogConfig: Setting CVar [[r.HairStrands.SkyAO.SampleCount:16]]
[2020.10.20-08.36.38:063][  0]LogConfig: Setting CVar [[r.HairStrands.DeepShadow.SuperSampling:0]]
[2020.10.20-08.36.38:063][  0]LogConfig: Setting CVar [[r.HairStrands.VisibilityPPLL:0]]
[2020.10.20-08.36.38:063][  0]LogConfig: Setting CVar [[r.HairStrands.RasterizationScale:0.5]]
[2020.10.20-08.36.38:063][  0]LogConfig: Setting CVar [[r.HairStrands.VelocityRasterizationScale:1]]
[2020.10.20-08.36.38:063][  0]LogInit: Selected Device Profile: [Windows]
[2020.10.20-08.36.38:063][  0]LogInit: Applying CVar settings loaded from the selected device profile: [Windows]
[2020.10.20-08.36.38:063][  0]LogHAL: Display: Platform has ~ 16 GB [17133535232 / 17179869184 / 16], which maps to Larger [LargestMinGB=32, LargerMinGB=12, DefaultMinGB=8, SmallerMinGB=6, SmallestMinGB=0)
[2020.10.20-08.36.38:063][  0]LogInit: Going up to parent DeviceProfile []
[2020.10.20-08.36.38:063][  0]LogConfig: Applying CVar settings from Section [ViewDistanceQuality@3] File [C:/Users/Olle/Documents/Game Projects/PROJ_Grupp2/HideNSneakUnreal/Saved/Config/Windows/Scalability.ini]
[2020.10.20-08.36.38:063][  0]LogConfig: Setting CVar [[r.SkeletalMeshLODBias:0]]
[2020.10.20-08.36.38:063][  0]LogConfig: Setting CVar [[r.ViewDistanceScale:1.0]]
[2020.10.20-08.36.38:063][  0]LogConfig: Applying CVar settings from Section [AntiAliasingQuality@3] File [C:/Users/Olle/Documents/Game Projects/PROJ_Grupp2/HideNSneakUnreal/Saved/Config/Windows/Scalability.ini]
[2020.10.20-08.36.38:063][  0]LogConfig: Setting CVar [[r.PostProcessAAQuality:4]]
[2020.10.20-08.36.38:063][  0]LogConfig: Applying CVar settings from Section [ShadowQuality@3] File [C:/Users/Olle/Documents/Game Projects/PROJ_Grupp2/HideNSneakUnreal/Saved/Config/Windows/Scalability.ini]
[2020.10.20-08.36.38:063][  0]LogConfig: Setting CVar [[r.LightFunctionQuality:1]]
[2020.10.20-08.36.38:063][  0]LogConfig: Setting CVar [[r.ShadowQuality:5]]
[2020.10.20-08.36.38:063][  0]LogConfig: Setting CVar [[r.Shadow.CSM.MaxCascades:10]]
[2020.10.20-08.36.38:063][  0]LogConfig: Setting CVar [[r.Shadow.MaxResolution:2048]]
[2020.10.20-08.36.38:063][  0]LogConfig: Setting CVar [[r.Shadow.MaxCSMResolution:2048]]
[2020.10.20-08.36.38:063][  0]LogConfig: Setting CVar [[r.Shadow.RadiusThreshold:0.01]]
[2020.10.20-08.36.38:063][  0]LogConfig: Setting CVar [[r.Shadow.DistanceScale:1.0]]
[2020.10.20-08.36.38:063][  0]LogConfig: Setting CVar [[r.Shadow.CSM.TransitionScale:1.0]]
[2020.10.20-08.36.38:063][  0]LogConfig: Setting CVar [[r.Shadow.PreShadowResolutionFactor:1.0]]
[2020.10.20-08.36.38:063][  0]LogConfig: Setting CVar [[r.DistanceFieldShadowing:1]]
[2020.10.20-08.36.38:063][  0]LogConfig: Setting CVar [[r.DistanceFieldAO:1]]
[2020.10.20-08.36.38:063][  0]LogConfig: Setting CVar [[r.AOQuality:2]]
[2020.10.20-08.36.38:063][  0]LogConfig: Setting CVar [[r.VolumetricFog:1]]
[2020.10.20-08.36.38:063][  0]LogConfig: Setting CVar [[r.VolumetricFog.GridPixelSize:8]]
[2020.10.20-08.36.38:063][  0]LogConfig: Setting CVar [[r.VolumetricFog.GridSizeZ:128]]
[2020.10.20-08.36.38:063][  0]LogConfig: Setting CVar [[r.VolumetricFog.HistoryMissSupersampleCount:4]]
[2020.10.20-08.36.38:063][  0]LogConfig: Setting CVar [[r.LightMaxDrawDistanceScale:1]]
[2020.10.20-08.36.38:063][  0]LogConfig: Setting CVar [[r.CapsuleShadows:1]]
[2020.10.20-08.36.38:064][  0]LogConfig: Applying CVar settings from Section [PostProcessQuality@3] File [C:/Users/Olle/Documents/Game Projects/PROJ_Grupp2/HideNSneakUnreal/Saved/Config/Windows/Scalability.ini]
[2020.10.20-08.36.38:064][  0]LogConfig: Setting CVar [[r.MotionBlurQuality:4]]
[2020.10.20-08.36.38:064][  0]LogConfig: Setting CVar [[r.AmbientOcclusionMipLevelFactor:0.4]]
[2020.10.20-08.36.38:064][  0]LogConfig: Setting CVar [[r.AmbientOcclusionMaxQuality:100]]
[2020.10.20-08.36.38:064][  0]LogConfig: Setting CVar [[r.AmbientOcclusionLevels:-1]]
[2020.10.20-08.36.38:064][  0]LogConfig: Setting CVar [[r.AmbientOcclusionRadiusScale:1.0]]
[2020.10.20-08.36.38:064][  0]LogConfig: Setting CVar [[r.DepthOfFieldQuality:2]]
[2020.10.20-08.36.38:064][  0]LogConfig: Setting CVar [[r.RenderTargetPoolMin:400]]
[2020.10.20-08.36.38:064][  0]LogConfig: Setting CVar [[r.LensFlareQuality:2]]
[2020.10.20-08.36.38:064][  0]LogConfig: Setting CVar [[r.SceneColorFringeQuality:1]]
[2020.10.20-08.36.38:064][  0]LogConfig: Setting CVar [[r.EyeAdaptationQuality:2]]
[2020.10.20-08.36.38:064][  0]LogConfig: Setting CVar [[r.BloomQuality:5]]
[2020.10.20-08.36.38:064][  0]LogConfig: Setting CVar [[r.FastBlurThreshold:100]]
[2020.10.20-08.36.38:064][  0]LogConfig: Setting CVar [[r.Upscale.Quality:3]]
[2020.10.20-08.36.38:064][  0]LogConfig: Setting CVar [[r.Tonemapper.GrainQuantization:1]]
[2020.10.20-08.36.38:064][  0]LogConfig: Setting CVar [[r.LightShaftQuality:1]]
[2020.10.20-08.36.38:064][  0]LogConfig: Setting CVar [[r.Filter.SizeScale:1]]
[2020.10.20-08.36.38:064][  0]LogConfig: Setting CVar [[r.Tonemapper.Quality:5]]
[2020.10.20-08.36.38:064][  0]LogConfig: Setting CVar [[r.DOF.Gather.AccumulatorQuality:1        ; higher gathering accumulator quality]]
[2020.10.20-08.36.38:064][  0]LogConfig: Setting CVar [[r.DOF.Gather.PostfilterMethod:1          ; Median3x3 postfilering method]]
[2020.10.20-08.36.38:064][  0]LogConfig: Setting CVar [[r.DOF.Gather.EnableBokehSettings:0       ; no bokeh simulation when gathering]]
[2020.10.20-08.36.38:064][  0]LogConfig: Setting CVar [[r.DOF.Gather.RingCount:4                 ; medium number of samples when gathering]]
[2020.10.20-08.36.38:064][  0]LogConfig: Setting CVar [[r.DOF.Scatter.ForegroundCompositing:1    ; additive foreground scattering]]
[2020.10.20-08.36.38:064][  0]LogConfig: Setting CVar [[r.DOF.Scatter.BackgroundCompositing:2    ; additive background scattering]]
[2020.10.20-08.36.38:064][  0]LogConfig: Setting CVar [[r.DOF.Scatter.EnableBokehSettings:1      ; bokeh simulation when scattering]]
[2020.10.20-08.36.38:064][  0]LogConfig: Setting CVar [[r.DOF.Scatter.MaxSpriteRatio:0.1         ; only a maximum of 10% of scattered bokeh]]
[2020.10.20-08.36.38:064][  0]LogConfig: Setting CVar [[r.DOF.Recombine.Quality:1                ; cheap slight out of focus]]
[2020.10.20-08.36.38:064][  0]LogConfig: Setting CVar [[r.DOF.Recombine.EnableBokehSettings:0    ; no bokeh simulation on slight out of focus]]
[2020.10.20-08.36.38:064][  0]LogConfig: Setting CVar [[r.DOF.TemporalAAQuality:1                ; more stable temporal accumulation]]
[2020.10.20-08.36.38:064][  0]LogConfig: Setting CVar [[r.DOF.Kernel.MaxForegroundRadius:0.025]]
[2020.10.20-08.36.38:064][  0]LogConfig: Setting CVar [[r.DOF.Kernel.MaxBackgroundRadius:0.025]]
[2020.10.20-08.36.38:064][  0]LogConfig: Applying CVar settings from Section [TextureQuality@3] File [C:/Users/Olle/Documents/Game Projects/PROJ_Grupp2/HideNSneakUnreal/Saved/Config/Windows/Scalability.ini]
[2020.10.20-08.36.38:064][  0]LogConfig: Setting CVar [[r.Streaming.MipBias:0]]
[2020.10.20-08.36.38:064][  0]LogConfig: Setting CVar [[r.Streaming.AmortizeCPUToGPUCopy:0]]
[2020.10.20-08.36.38:064][  0]LogConfig: Setting CVar [[r.Streaming.MaxNumTexturesToStreamPerFrame:0]]
[2020.10.20-08.36.38:064][  0]LogConfig: Setting CVar [[r.Streaming.Boost:1]]
[2020.10.20-08.36.38:064][  0]LogConfig: Setting CVar [[r.MaxAnisotropy:8]]
[2020.10.20-08.36.38:064][  0]LogConfig: Setting CVar [[r.VT.MaxAnisotropy:8]]
[2020.10.20-08.36.38:064][  0]LogConfig: Setting CVar [[r.Streaming.LimitPoolSizeToVRAM:0]]
[2020.10.20-08.36.38:064][  0]LogConfig: Setting CVar [[r.Streaming.PoolSize:1000]]
[2020.10.20-08.36.38:064][  0]LogConfig: Setting CVar [[r.Streaming.MaxEffectiveScreenSize:0]]
[2020.10.20-08.36.38:064][  0]LogConfig: Applying CVar settings from Section [EffectsQuality@3] File [C:/Users/Olle/Documents/Game Projects/PROJ_Grupp2/HideNSneakUnreal/Saved/Config/Windows/Scalability.ini]
[2020.10.20-08.36.38:064][  0]LogConfig: Setting CVar [[r.TranslucencyLightingVolumeDim:64]]
[2020.10.20-08.36.38:064][  0]LogConfig: Setting CVar [[r.RefractionQuality:2]]
[2020.10.20-08.36.38:064][  0]LogConfig: Setting CVar [[r.SSR.Quality:3]]
[2020.10.20-08.36.38:064][  0]LogConfig: Setting CVar [[r.SSR.HalfResSceneColor:0]]
[2020.10.20-08.36.38:064][  0]LogConfig: Setting CVar [[r.SceneColorFormat:4]]
[2020.10.20-08.36.38:064][  0]LogConfig: Setting CVar [[r.DetailMode:2]]
[2020.10.20-08.36.38:064][  0]LogConfig: Setting CVar [[r.TranslucencyVolumeBlur:1]]
[2020.10.20-08.36.38:064][  0]LogConfig: Setting CVar [[r.MaterialQualityLevel:1 ; High quality]]
[2020.10.20-08.36.38:064][  0]LogConfig: Setting CVar [[r.SSS.Scale:1]]
[2020.10.20-08.36.38:064][  0]LogConfig: Setting CVar [[r.SSS.SampleSet:2]]
[2020.10.20-08.36.38:064][  0]LogConfig: Setting CVar [[r.SSS.Quality:1]]
[2020.10.20-08.36.38:064][  0]LogConfig: Setting CVar [[r.SSS.HalfRes:0]]
[2020.10.20-08.36.38:064][  0]LogConfig: Setting CVar [[r.SSGI.Quality:3]]
[2020.10.20-08.36.38:064][  0]LogConfig: Setting CVar [[r.EmitterSpawnRateScale:1.0]]
[2020.10.20-08.36.38:064][  0]LogConfig: Setting CVar [[r.ParticleLightQuality:2]]
[2020.10.20-08.36.38:064][  0]LogConfig: Setting CVar [[r.SkyAtmosphere.AerialPerspectiveLUT.FastApplyOnOpaque:1 ; Always have FastSkyLUT 1 in this case to avoid wrong sky]]
[2020.10.20-08.36.38:064][  0]LogConfig: Setting CVar [[r.SkyAtmosphere.AerialPerspectiveLUT.SampleCountPerSlice:1]]
[2020.10.20-08.36.38:064][  0]LogConfig: Setting CVar [[r.SkyAtmosphere.AerialPerspectiveLUT.DepthResolution:16.0]]
[2020.10.20-08.36.38:064][  0]LogConfig: Setting CVar [[r.SkyAtmosphere.FastSkyLUT:1]]
[2020.10.20-08.36.38:065][  0]LogConfig: Setting CVar [[r.SkyAtmosphere.FastSkyLUT.SampleCountMin:4.0]]
[2020.10.20-08.36.38:065][  0]LogConfig: Setting CVar [[r.SkyAtmosphere.FastSkyLUT.SampleCountMax:32.0]]
[2020.10.20-08.36.38:065][  0]LogConfig: Setting CVar [[r.SkyAtmosphere.SampleCountMin:4.0]]
[2020.10.20-08.36.38:065][  0]LogConfig: Setting CVar [[r.SkyAtmosphere.SampleCountMax:32.0]]
[2020.10.20-08.36.38:065][  0]LogConfig: Setting CVar [[r.SkyAtmosphere.TransmittanceLUT.UseSmallFormat:0]]
[2020.10.20-08.36.38:065][  0]LogConfig: Setting CVar [[r.SkyAtmosphere.TransmittanceLUT.SampleCount:10.0]]
[2020.10.20-08.36.38:065][  0]LogConfig: Setting CVar [[r.SkyAtmosphere.MultiScatteringLUT.SampleCount:15.0]]
[2020.10.20-08.36.38:065][  0]LogConfig: Applying CVar settings from Section [FoliageQuality@3] File [C:/Users/Olle/Documents/Game Projects/PROJ_Grupp2/HideNSneakUnreal/Saved/Config/Windows/Scalability.ini]
[2020.10.20-08.36.38:065][  0]LogConfig: Setting CVar [[foliage.DensityScale:1.0]]
[2020.10.20-08.36.38:065][  0]LogConfig: Setting CVar [[grass.DensityScale:1.0]]
[2020.10.20-08.36.38:065][  0]LogConfig: Applying CVar settings from Section [ShadingQuality@3] File [C:/Users/Olle/Documents/Game Projects/PROJ_Grupp2/HideNSneakUnreal/Saved/Config/Windows/Scalability.ini]
[2020.10.20-08.36.38:065][  0]LogConfig: Setting CVar [[r.HairStrands.SkyLighting.SampleCount:16]]
[2020.10.20-08.36.38:065][  0]LogConfig: Setting CVar [[r.HairStrands.SkyLighting.JitterIntegration:0]]
[2020.10.20-08.36.38:065][  0]LogConfig: Setting CVar [[r.HairStrands.SkyAO.SampleCount:16]]
[2020.10.20-08.36.38:065][  0]LogConfig: Setting CVar [[r.HairStrands.DeepShadow.SuperSampling:0]]
[2020.10.20-08.36.38:065][  0]LogConfig: Setting CVar [[r.HairStrands.VisibilityPPLL:0]]
[2020.10.20-08.36.38:065][  0]LogConfig: Setting CVar [[r.HairStrands.RasterizationScale:0.5]]
[2020.10.20-08.36.38:065][  0]LogConfig: Setting CVar [[r.HairStrands.VelocityRasterizationScale:1]]
[2020.10.20-08.36.38:065][  0]LogConfig: Applying CVar settings from Section [Startup] File [../../../Engine/Config/ConsoleVariables.ini]
[2020.10.20-08.36.38:065][  0]LogConfig: Setting CVar [[net.UseAdaptiveNetUpdateFrequency:0]]
[2020.10.20-08.36.38:065][  0]LogConfig: Setting CVar [[p.chaos.AllowCreatePhysxBodies:1]]
[2020.10.20-08.36.38:065][  0]LogConfig: Setting CVar [[fx.SkipVectorVMBackendOptimizations:1]]
[2020.10.20-08.36.38:065][  0]LogConfig: Applying CVar settings from Section [ConsoleVariables] File [C:/Users/Olle/Documents/Game Projects/PROJ_Grupp2/HideNSneakUnreal/Saved/Config/Windows/Engine.ini]
[2020.10.20-08.36.38:065][  0]LogInit: Computer: DESKTOP-Q35ATQN
[2020.10.20-08.36.38:065][  0]LogInit: User: Olle
[2020.10.20-08.36.38:065][  0]LogInit: CPU Page size=4096, Cores=4
[2020.10.20-08.36.38:065][  0]LogInit: High frequency timer resolution =10.000000 MHz
[2020.10.20-08.36.38:066][  0]LogMemory: Memory total: Physical=16.0GB (16GB approx)
[2020.10.20-08.36.38:066][  0]LogMemory: Platform Memory Stats for Windows
[2020.10.20-08.36.38:066][  0]LogMemory: Process Physical Memory: 115.07 MB used, 115.07 MB peak
[2020.10.20-08.36.38:066][  0]LogMemory: Process Virtual Memory: 97.08 MB used, 97.08 MB peak
[2020.10.20-08.36.38:066][  0]LogMemory: Physical Memory: 6559.96 MB used,  9779.86 MB free, 16339.81 MB total
[2020.10.20-08.36.38:066][  0]LogMemory: Virtual Memory: 5119.12 MB used,  134212608.00 MB free, 134217728.00 MB total
[2020.10.20-08.36.38:072][  0]LogWindows: WindowsPlatformFeatures disabled or dedicated server build
[2020.10.20-08.36.38:100][  0]LogInit: Physics initialised using underlying interface: PhysX
[2020.10.20-08.36.38:100][  0]LogInit: Using OS detected language (sv-SE).
[2020.10.20-08.36.38:100][  0]LogInit: Using OS detected locale (sv-SE).
[2020.10.20-08.36.38:103][  0]LogTextLocalizationManager: No localization for 'sv-SE' exists, so 'en' will be used for the language.
[2020.10.20-08.36.38:106][  0]LogTextLocalizationManager: No localization for 'sv-SE' exists, so 'en' will be used for the locale.
[2020.10.20-08.36.38:777][  0]LogTargetPlatformManager: Display: Loaded TargetPlatform 'WindowsNoEditor'
[2020.10.20-08.36.38:782][  0]LogTargetPlatformManager: Display: Loaded TargetPlatform 'Windows'
[2020.10.20-08.36.38:792][  0]LogTargetPlatformManager: Display: Loaded TargetPlatform 'WindowsClient'
[2020.10.20-08.36.38:803][  0]LogTargetPlatformManager: Display: Loaded TargetPlatform 'WindowsServer'
[2020.10.20-08.36.38:803][  0]LogTargetPlatformManager: Display: Building Assets For Windows
[2020.10.20-08.36.38:811][  0]LogAudioDebug: Display: Lib vorbis DLL was dynamically loaded.
[2020.10.20-08.36.38:881][  0]LogShaderCompilers: Guid format shader working directory is -36 characters bigger than the processId version (../../../../../../Users/Olle/Documents/Game Projects/PROJ_Grupp2/HideNSneakUnreal/Intermediate/Shaders/WorkingDirectory/8984/).
[2020.10.20-08.36.38:881][  0]LogShaderCompilers: Cleaned the shader compiler working directory 'C:/Users/Olle/AppData/Local/Temp/UnrealShaderWorkingDir/4BC7DEEB45DFC38C06ABE18149F78ADE/'.
[2020.10.20-08.36.38:881][  0]LogXGEController: Cannot use XGE Controller as Incredibuild is not installed on this machine.
[2020.10.20-08.36.38:881][  0]LogShaderCompilers: Cannot use XGE Shader Compiler as Incredibuild is not installed on this machine.
[2020.10.20-08.36.38:881][  0]LogShaderCompilers: Display: Using Local Shader Compiler.
[2020.10.20-08.36.39:448][  0]LogDerivedDataCache: Display: Max Cache Size: 512 MB
[2020.10.20-08.36.39:509][  0]LogDerivedDataCache: Loaded boot cache 0.06s 76MB C:/Users/Olle/AppData/Local/UnrealEngine/4.25/DerivedDataCache/Boot.ddc.
[2020.10.20-08.36.39:509][  0]LogDerivedDataCache: Display: Loaded Boot cache: C:/Users/Olle/AppData/Local/UnrealEngine/4.25/DerivedDataCache/Boot.ddc
[2020.10.20-08.36.39:509][  0]LogDerivedDataCache: FDerivedDataBackendGraph:  Pak pak cache file ../../../../../../Users/Olle/Documents/Game Projects/PROJ_Grupp2/HideNSneakUnreal/DerivedDataCache/DDC.ddp not found, will not use a pak cache.
[2020.10.20-08.36.39:509][  0]LogDerivedDataCache: Unable to find inner node Pak for hierarchical cache Hierarchy.
[2020.10.20-08.36.39:509][  0]LogDerivedDataCache: FDerivedDataBackendGraph:  CompressedPak pak cache file ../../../../../../Users/Olle/Documents/Game Projects/PROJ_Grupp2/HideNSneakUnreal/DerivedDataCache/Compressed.ddp not found, will not use a pak cache.
[2020.10.20-08.36.39:509][  0]LogDerivedDataCache: Unable to find inner node CompressedPak for hierarchical cache Hierarchy.
[2020.10.20-08.36.39:521][  0]LogDerivedDataCache: Display: Pak cache opened for reading ../../../Engine/DerivedDataCache/Compressed.ddp.
[2020.10.20-08.36.39:521][  0]LogDerivedDataCache: FDerivedDataBackendGraph:  EnterprisePak pak cache file ../../../Enterprise/DerivedDataCache/Compressed.ddp not found, will not use a pak cache.
[2020.10.20-08.36.39:521][  0]LogDerivedDataCache: Unable to find inner node EnterprisePak for hierarchical cache Hierarchy.
[2020.10.20-08.36.39:523][  0]LogDerivedDataCache: Using Local data cache path C:/Users/Olle/AppData/Local/UnrealEngine/Common/DerivedDataCache: Writable
[2020.10.20-08.36.39:523][  0]LogDerivedDataCache: Shared data cache path not found in *engine.ini, will not use an Shared cache.
[2020.10.20-08.36.39:523][  0]LogDerivedDataCache: Unable to find inner node Shared for hierarchical cache Hierarchy.
[2020.10.20-08.36.39:526][  0]LogInit: Using OS detected language (sv-SE).
[2020.10.20-08.36.39:526][  0]LogInit: Using OS detected locale (sv-SE).
[2020.10.20-08.36.39:526][  0]LogTextLocalizationManager: No localization for 'sv-SE' exists, so 'en' will be used for the language.
[2020.10.20-08.36.39:526][  0]LogTextLocalizationManager: No localization for 'sv-SE' exists, so 'en' will be used for the locale.
[2020.10.20-08.36.39:527][  0]LogTextLocalizationManager: Compacting localization data took   0.00ms
[2020.10.20-08.36.39:530][  0]LogAssetRegistry: FAssetRegistry took 0.0020 seconds to start up
[2020.10.20-08.36.39:739][  0]LogPackageLocalizationCache: Processed 19 localized package path(s) for 1 prioritized culture(s) in 0.000962 seconds
[2020.10.20-08.36.39:795][  0]LogInit: Selected Device Profile: [Windows]
[2020.10.20-08.36.39:838][  0]LogMeshReduction: Using QuadricMeshReduction for automatic static mesh reduction
[2020.10.20-08.36.39:838][  0]LogMeshReduction: Using SimplygonMeshReduction for automatic skeletal mesh reduction
[2020.10.20-08.36.39:838][  0]LogMeshReduction: Using ProxyLODMeshReduction for automatic mesh merging
[2020.10.20-08.36.39:838][  0]LogMeshReduction: No distributed automatic mesh merging module available
[2020.10.20-08.36.39:838][  0]LogMeshMerging: No distributed automatic mesh merging module available
[2020.10.20-08.36.39:852][  0]LogNetVersion: HideNSneakUnreal 1.0.0, NetCL: 13144385, EngineNetVer: 14, GameNetVer: 0 (Checksum: 3367979030)
[2020.10.20-08.36.39:967][  0]LogAISub: UAISubsystem::UAISubsystem AISubsystem (000001AB40066700), frame # 0
[2020.10.20-08.36.39:967][  0]LogAISub: UAISubsystem::UAISubsystem AIPerceptionSystem (000001AB40024900), frame # 0
[2020.10.20-08.36.39:969][  0]LogAISub: UAISubsystem::UAISubsystem EnvQueryManager (000001AB40023400), frame # 0
[2020.10.20-08.36.40:043][  0]LogCollectionManager: Loaded 0 collections in 0.002566 seconds
[2020.10.20-08.36.40:048][  0]LogFileCache: Scanning file cache for directory 'C:/Users/Olle/Documents/Game Projects/PROJ_Grupp2/HideNSneakUnreal/Saved/Collections/' took 0.00s
[2020.10.20-08.36.40:048][  0]LogFileCache: Scanning file cache for directory 'C:/Users/Olle/Documents/Game Projects/PROJ_Grupp2/HideNSneakUnreal/Content/Developers/Olle/Collections/' took 0.00s
[2020.10.20-08.36.40:048][  0]LogCollectionManager: Fixed up redirectors for 0 collections in 0.000004 seconds (updated 0 objects)
[2020.10.20-08.36.40:246][  0]LogFileCache: Scanning file cache for directory 'C:/Users/Olle/Documents/Game Projects/PROJ_Grupp2/HideNSneakUnreal/Content/Collections/' took 0.00s
[2020.10.20-08.36.40:246][  0]LogTcpMessaging: Initializing TcpMessaging bridge
[2020.10.20-08.36.40:250][  0]LogUdpMessaging: Initializing bridge on interface 0.0.0.0:0 to multicast group 230.0.0.1:6666.
[2020.10.20-08.36.40:291][  0]SourceControl: Source control is disabled
[2020.10.20-08.36.40:291][  0]SourceControl: Source control is disabled
[2020.10.20-08.36.40:298][  0]SourceControl: Source control is disabled
[2020.10.20-08.36.40:440][  0]LogAndroidPermission: UAndroidPermissionCallbackProxy::GetInstance
[2020.10.20-08.36.40:461][  0]LogAudioCaptureCore: Display: No Audio Capture implementations found. Audio input will be silent.
[2020.10.20-08.36.40:461][  0]LogAudioCaptureCore: Display: No Audio Capture implementations found. Audio input will be silent.
[2020.10.20-08.36.40:508][  0]LogOcInput: OculusInput pre-init called
[2020.10.20-08.36.40:524][  0]LogUObjectArray: 19108 objects as part of root set at end of initial load.
[2020.10.20-08.36.40:524][  0]LogUObjectAllocator: 5020176 out of 0 bytes used by permanent object pool.
[2020.10.20-08.36.40:524][  0]LogUObjectArray: CloseDisregardForGC: 0/0 objects in disregard for GC pool
[2020.10.20-08.36.40:562][  0]LogEngine: Initializing Engine...
[2020.10.20-08.36.40:563][  0]LogStats: UGameplayTagsManager::InitializeManager -  0.000 s
[2020.10.20-08.36.40:579][  0]LogInit: Initializing FReadOnlyCVARCache
[2020.10.20-08.36.40:579][  0]LogNetVersion: Set ProjectVersion to 1.0.0.0. Version Checksum will be recalculated on next use.
[2020.10.20-08.36.40:580][  0]LogInit: Texture streaming: Disabled
[2020.10.20-08.36.40:659][  0]LogInit: Display: Game Engine Initialized.
[2020.10.20-08.36.40:660][  0]LogNiagaraEditor: Warning: GEditor isn't valid! Particle reset commands will not work for Niagara components!
[2020.10.20-08.36.40:690][  0]LogInit: Display: Starting Game.
[2020.10.20-08.36.40:691][  0]LogNet: Browse: /Game/Maps/Menu?Name=Player
[2020.10.20-08.36.40:691][  0]LogLoad: LoadMap: /Game/Maps/Menu?Name=Player
[2020.10.20-08.36.40:691][  0]LogWorld: BeginTearingDown for /Temp/Untitled_0
[2020.10.20-08.36.40:692][  0]LogWorld: UWorld::CleanupWorld for Untitled, bSessionEnded=true, bCleanupResources=true
[2020.10.20-08.36.40:702][  0]LogUObjectHash: Compacting FUObjectHashTables data took   0.84ms
[2020.10.20-08.36.40:762][  0]LogAIModule: Creating AISystem for world Menu
[2020.10.20-08.36.40:762][  0]LogAISub: UAISubsystem::UAISubsystem EnvQueryManager (000001AB42B86A00), frame # 0
[2020.10.20-08.36.40:762][  0]LogAISub: UAISubsystem::UAISubsystem AIPerceptionSystem (000001AB3743E840), frame # 0
[2020.10.20-08.36.40:801][  0]LogGameplayTags: Warning: Invalid GameplayTag Hider found while loading /Game/ThirdPersonBP/Blueprints/ThirdPersonCharacter.Default__ThirdPersonCharacter_C in property /Game/ThirdPersonBP/Blueprints/ThirdPersonCharacter.ThirdPersonCharacter_C:OwnedTags.
[2020.10.20-08.36.40:957][  0]LogLoad: Game class is 'ThirdPersonGameMode_C'
[2020.10.20-08.36.40:957][  0]LogOnline: OSS: Creating online subsystem instance for: STEAM
[2020.10.20-08.36.40:957][  0]LogOnline: Warning: STEAM: Steam API disabled!
[2020.10.20-08.36.40:957][  0]LogOnline: Display: STEAM: OnlineSubsystemSteam::Shutdown()
[2020.10.20-08.36.40:958][  0]LogNet: ReplicationDriverClass is null! Not using ReplicationDriver.
[2020.10.20-08.36.40:958][  0]LogNetCore: DDoS detection status: detection enabled: 0 analytics enabled: 0
[2020.10.20-08.36.40:959][  0]LogInit: WinSock: Socket queue. Rx: 131072 (config 131072) Tx: 131072 (config 131072)
[2020.10.20-08.36.40:959][  0]LogNet: Created socket for bind address: 0.0.0.0 on port 17777
[2020.10.20-08.36.40:959][  0]PacketHandlerLog: Loaded PacketHandler component: Engine.EngineHandlerComponentFactory (StatelessConnectHandlerComponent)
[2020.10.20-08.36.40:959][  0]LogNet: GameNetDriver IpNetDriver_0 IpNetDriver listening on port 17777
[2020.10.20-08.36.40:961][  0]LogWorld: Bringing World /Game/Maps/Menu.Menu up for play (max tick rate 30) at 2020.10.20-10.36.40
[2020.10.20-08.36.40:961][  0]LogWorld: Bringing up level for play took: 0.001303
[2020.10.20-08.36.40:961][  0]LogScript: Warning: UGameplayStatics::SpawnObject null outer
[2020.10.20-08.36.40:961][  0]LogScript: Warning: Accessed None trying to read property CallFunc_SpawnObject_ReturnValue
	BP_GameInstance_C /Engine/Transient.GameEngine_0:BP_GameInstance_C_0
	Function /Game/Blueprints/BP_GameInstance.BP_GameInstance_C:ExecuteUbergraph_BP_GameInstance:0054
[2020.10.20-08.36.40:961][  0]LogScript: Warning: Script call stack:
	Function /Game/Maps/Menu.Menu_C:ReceiveBeginPlay
	Function /Game/Maps/Menu.Menu_C:ExecuteUbergraph_Menu
	Function /Game/Blueprints/BP_GameInstance.BP_GameInstance_C:AddWidget
	Function /Game/Blueprints/BP_GameInstance.BP_GameInstance_C:ExecuteUbergraph_BP_GameInstance

[2020.10.20-08.36.40:961][  0]LogScript: Warning: Accessed None trying to read property CallFunc_GetPlayerController_ReturnValue
	BP_GameInstance_C /Engine/Transient.GameEngine_0:BP_GameInstance_C_0
	Function /Game/Blueprints/BP_GameInstance.BP_GameInstance_C:ExecuteUbergraph_BP_GameInstance:0094
[2020.10.20-08.36.40:961][  0]LogScript: Warning: Script call stack:
	Function /Game/Maps/Menu.Menu_C:ReceiveBeginPlay
	Function /Game/Maps/Menu.Menu_C:ExecuteUbergraph_Menu
	Function /Game/Blueprints/BP_GameInstance.BP_GameInstance_C:AddWidget
	Function /Game/Blueprints/BP_GameInstance.BP_GameInstance_C:ExecuteUbergraph_BP_GameInstance

[2020.10.20-08.36.40:961][  0]LogLoad: Took 0.270915 seconds to LoadMap(/Game/Maps/Menu)
[2020.10.20-08.36.40:971][  0]LogLoad: (Engine Initialization) Total time: 5.24 seconds
[2020.10.20-08.36.40:971][  0]LogLoad: (Engine Initialization) Total Blueprint compile time: 0.00 seconds
[2020.10.20-08.36.42:473][ 44]LogNet: NotifyAcceptingConnection accepted from: 127.0.0.1:55187
[2020.10.20-08.36.42:473][ 44]LogHandshake: SendConnectChallenge. Timestamp: 1.501078, Cookie: 058046122081151226148177088179251133198060128253150020186056
[2020.10.20-08.36.42:508][ 45]LogNet: NotifyAcceptingConnection accepted from: 127.0.0.1:55187
[2020.10.20-08.36.42:508][ 45]LogHandshake: SendChallengeAck. InCookie: 058046122081151226148177088179251133198060128253150020186056
[2020.10.20-08.36.42:508][ 45]LogNet: Server accepting post-challenge connection from: 127.0.0.1:55187
[2020.10.20-08.36.42:509][ 45]PacketHandlerLog: Loaded PacketHandler component: Engine.EngineHandlerComponentFactory (StatelessConnectHandlerComponent)
[2020.10.20-08.36.42:509][ 45]LogNet: NotifyAcceptedConnection: Name: Menu, TimeStamp: 10/20/20 10:36:42, [UNetConnection] RemoteAddr: 127.0.0.1:55187, Name: IpConnection_0, Driver: GameNetDriver IpNetDriver_0, IsServer: YES, PC: NULL, Owner: NULL, UniqueId: INVALID
[2020.10.20-08.36.42:509][ 45]LogNet: AddClientConnection: Added client connection: [UNetConnection] RemoteAddr: 127.0.0.1:55187, Name: IpConnection_0, Driver: GameNetDriver IpNetDriver_0, IsServer: YES, PC: NULL, Owner: NULL, UniqueId: INVALID
[2020.10.20-08.36.42:510][ 45]LogNet: NotifyAcceptingChannel Control 0 server World /Game/Maps/Menu.Menu: Accepted
[2020.10.20-08.36.42:510][ 45]LogNet: Remote platform little endian=1
[2020.10.20-08.36.42:510][ 45]LogNet: This platform little endian=1
[2020.10.20-08.36.42:510][ 45]LogNetVersion: HideNSneakUnreal 1.0.0.0, NetCL: 13144385, EngineNetVer: 14, GameNetVer: 0 (Checksum: 4008563563)
[2020.10.20-08.36.42:541][ 46]LogNet: Login request: ?Name=DESKTOP-Q35ATQN-F7F4157F44CA4A0E33CD1E87684FDD2C userId: NULL:DESKTOP-Q35ATQN-F7F4157F44CA4A0E33CD1E87684FDD2C platform: NULL
[2020.10.20-08.36.42:608][ 48]LogNet: Client netspeed is 10000
[2020.10.20-08.36.42:608][ 48]LogNet: Join request: /Engine/Maps/Entry?Name=DESKTOP-Q35ATQN-F7F4157F44CA4A0E33CD1E87684FDD2C?SplitscreenCount=1
[2020.10.20-08.36.42:608][ 48]LogOnlineSession: Warning: OSS: No game present to join for session (GameSession)
[2020.10.20-08.36.42:612][ 48]LogBlueprintUserMessages: [ThirdPersonCharacter_C_0] Amount of hiders: 1
[2020.10.20-08.36.42:612][ 48]LogNet: Join succeeded: DESKTOP-Q35ATQN-F7F4
[2020.10.20-08.40.32:624][927]LogNet: UChannel::ReceivedSequencedBunch: Bunch.bClose == true. ChIndex == 0. Calling ConditionalCleanUp.
[2020.10.20-08.40.32:624][927]LogNet: UChannel::CleanUp: ChIndex == 0. Closing connection. [UChannel] ChIndex: 0, Closing: 0 [UNetConnection] RemoteAddr: 127.0.0.1:55187, Name: IpConnection_0, Driver: GameNetDriver IpNetDriver_0, IsServer: YES, PC: PlayerController_0, Owner: PlayerController_0, UniqueId: NULL:DESKTOP-Q35ATQN-F7F4157F44CA4A0E33CD1E87684FDD2C
[2020.10.20-08.40.32:624][927]LogNet: UNetConnection::Close: [UNetConnection] RemoteAddr: 127.0.0.1:55187, Name: IpConnection_0, Driver: GameNetDriver IpNetDriver_0, IsServer: YES, PC: PlayerController_0, Owner: PlayerController_0, UniqueId: NULL:DESKTOP-Q35ATQN-F7F4157F44CA4A0E33CD1E87684FDD2C, Channels: 9, Time: 2020.10.20-08.40.32
[2020.10.20-08.40.32:624][927]LogNet: UChannel::Close: Sending CloseBunch. ChIndex == 0. Name: [UChannel] ChIndex: 0, Closing: 0 [UNetConnection] RemoteAddr: 127.0.0.1:55187, Name: IpConnection_0, Driver: GameNetDriver IpNetDriver_0, IsServer: YES, PC: PlayerController_0, Owner: PlayerController_0, UniqueId: NULL:DESKTOP-Q35ATQN-F7F4157F44CA4A0E33CD1E87684FDD2C
[2020.10.20-08.40.32:625][927]LogOnlineSession: Warning: OSS: No game present to leave for session (GameSession)
