Log file open, 10/20/20 10:45:02
LogInit: Display: Running engine for game: HideNSneakUnreal
LogPlatformFile: Not using cached read wrapper
LogTaskGraph: Started task graph with 5 named threads and 14 total threads with 3 sets of task threads.
LogStats: Stats thread started at 0.916891
LogD3D11RHI: Loaded GFSDK_Aftermath_Lib.x64.dll
LogICUInternationalization: ICU TimeZone Detection - Raw Offset: +1:00, Platform Override: ''
LogPluginManager: Mounting plugin Paper2D
LogPluginManager: Mounting plugin AdvancedSessions
LogPluginManager: Mounting plugin AdvancedSteamSessions
LogPluginManager: Mounting plugin AISupport
LogPluginManager: Mounting plugin LightPropagationVolume
LogPluginManager: Mounting plugin CameraShakePreviewer
LogPluginManager: Mounting plugin ActorLayerUtilities
LogPluginManager: Mounting plugin AnimationSharing
LogPluginManager: Mounting plugin CLionSourceCodeAccess
LogPluginManager: Mounting plugin CodeLiteSourceCodeAccess
LogPluginManager: Mounting plugin GitSourceControl
LogPluginManager: Mounting plugin KDevelopSourceCodeAccess
LogPluginManager: Mounting plugin NullSourceCodeAccess
LogPluginManager: Mounting plugin PerforceSourceControl
LogPluginManager: Mounting plugin PlasticSourceControl
LogPluginManager: Mounting plugin RiderSourceCodeAccess
LogPluginManager: Mounting plugin SubversionSourceControl
LogPluginManager: Mounting plugin UObjectPlugin
LogPluginManager: Mounting plugin VisualStudioCodeSourceCodeAccess
LogPluginManager: Mounting plugin VisualStudioSourceCodeAccess
LogPluginManager: Mounting plugin XCodeSourceCodeAccess
LogPluginManager: Mounting plugin AssetManagerEditor
LogPluginManager: Mounting plugin CryptoKeys
LogPluginManager: Mounting plugin CurveEditorTools
LogPluginManager: Mounting plugin DataValidation
LogPluginManager: Mounting plugin EditorScriptingUtilities
LogPluginManager: Mounting plugin FacialAnimation
LogPluginManager: Mounting plugin GameplayTagsEditor
LogPluginManager: Mounting plugin GeometryMode
LogPluginManager: Mounting plugin MacGraphicsSwitching
LogPluginManager: Mounting plugin MaterialAnalyzer
LogPluginManager: Mounting plugin MobileLauncherProfileWizard
LogPluginManager: Mounting plugin PluginBrowser
LogPluginManager: Mounting plugin SpeedTreeImporter
LogPluginManager: Mounting plugin DatasmithContent
LogPluginManager: Mounting plugin VariantManagerContent
LogPluginManager: Mounting plugin AlembicImporter
LogPluginManager: Mounting plugin AutomationUtils
LogPluginManager: Mounting plugin BackChannel
LogPluginManager: Mounting plugin ChaosCloth
LogPluginManager: Mounting plugin ChaosClothEditor
LogPluginManager: Mounting plugin ChaosEditor
LogPluginManager: Mounting plugin ChaosNiagara
LogPluginManager: Mounting plugin ChaosSolverPlugin
LogPluginManager: Mounting plugin CharacterAI
LogPluginManager: Mounting plugin GeometryCache
LogPluginManager: Mounting plugin GeometryCollectionPlugin
LogPluginManager: Mounting plugin GeometryProcessing
LogPluginManager: Mounting plugin PlanarCut
LogPluginManager: Mounting plugin PlatformCrypto
LogPluginManager: Mounting plugin ProxyLODPlugin
LogPluginManager: Mounting plugin SkeletalReduction
LogPluginManager: Mounting plugin Niagara
LogPluginManager: Mounting plugin MagicLeap
LogPluginManager: Mounting plugin MagicLeapLightEstimation
LogPluginManager: Mounting plugin MagicLeapMedia
LogPluginManager: Mounting plugin MagicLeapPassableWorld
LogPluginManager: Mounting plugin MLSDK
LogPluginManager: Mounting plugin AndroidMedia
LogPluginManager: Mounting plugin AvfMedia
LogPluginManager: Mounting plugin ImgMedia
LogPluginManager: Mounting plugin MediaCompositing
LogPluginManager: Mounting plugin MediaPlayerEditor
LogPluginManager: Mounting plugin WebMMedia
LogPluginManager: Mounting plugin WmfMedia
LogPluginManager: Mounting plugin MeshPainting
LogPluginManager: Mounting plugin TcpMessaging
LogPluginManager: Mounting plugin UdpMessaging
LogPluginManager: Mounting plugin ActorSequence
LogPluginManager: Mounting plugin LevelSequenceEditor
LogPluginManager: Mounting plugin MatineeToLevelSequence
LogPluginManager: Mounting plugin MovieRenderPipeline
LogPluginManager: Mounting plugin TemplateSequence
LogPluginManager: Mounting plugin NetcodeUnitTest
LogPluginManager: Mounting plugin NUTUnrealEngine4
LogPluginManager: Mounting plugin OnlineSubsystemGooglePlay
LogPluginManager: Mounting plugin OnlineSubsystemIOS
LogPluginManager: Mounting plugin OnlineSubsystem
LogPluginManager: Mounting plugin OnlineSubsystemNull
LogPluginManager: Mounting plugin OnlineSubsystemSteam
LogPluginManager: Mounting plugin OnlineSubsystemUtils
LogPluginManager: Mounting plugin LauncherChunkInstaller
LogPluginManager: Mounting plugin AndroidDeviceProfileSelector
LogPluginManager: Mounting plugin AndroidMoviePlayer
LogPluginManager: Mounting plugin AndroidPermission
LogPluginManager: Mounting plugin AppleImageUtils
LogPluginManager: Mounting plugin AppleMoviePlayer
LogPluginManager: Mounting plugin ArchVisCharacter
LogPluginManager: Mounting plugin AssetTags
LogPluginManager: Mounting plugin AudioCapture
LogPluginManager: Mounting plugin CableComponent
LogPluginManager: Mounting plugin CustomMeshComponent
LogPluginManager: Mounting plugin EditableMesh
LogPluginManager: Mounting plugin ExampleDeviceProfileSelector
LogPluginManager: Mounting plugin GoogleCloudMessaging
LogPluginManager: Mounting plugin GooglePAD
LogPluginManager: Mounting plugin IOSDeviceProfileSelector
LogPluginManager: Mounting plugin LinuxDeviceProfileSelector
LogPluginManager: Mounting plugin LocationServicesBPLibrary
LogPluginManager: Mounting plugin MobilePatchingUtils
LogPluginManager: Mounting plugin OculusVR
LogPluginManager: Mounting plugin PhysXVehicles
LogPluginManager: Mounting plugin PostSplashScreen
LogPluginManager: Mounting plugin ProceduralMeshComponent
LogPluginManager: Mounting plugin RuntimePhysXCooking
LogPluginManager: Mounting plugin SignificanceManager
LogPluginManager: Mounting plugin SoundFields
LogPluginManager: Mounting plugin SteamShared
LogPluginManager: Mounting plugin SteamVR
LogPluginManager: Mounting plugin Synthesis
LogPluginManager: Mounting plugin WebMMoviePlayer
LogPluginManager: Mounting plugin WindowsMoviePlayer
LogPluginManager: Mounting plugin ScreenshotTools
LogInit: Using libcurl 7.55.1-DEV
LogInit:  - built for x86_64-pc-win32
LogInit:  - supports SSL with OpenSSL/1.1.1
LogInit:  - supports HTTP deflate (compression) using libz 1.2.8
LogInit:  - other features:
LogInit:      CURL_VERSION_SSL
LogInit:      CURL_VERSION_LIBZ
LogInit:      CURL_VERSION_IPV6
LogInit:      CURL_VERSION_ASYNCHDNS
LogInit:      CURL_VERSION_LARGEFILE
LogInit:      CURL_VERSION_IDN
LogInit:  CurlRequestOptions (configurable via config and command line):
LogInit:  - bVerifyPeer = true  - Libcurl will verify peer certificate
LogInit:  - bUseHttpProxy = false  - Libcurl will NOT use HTTP proxy
LogInit:  - bDontReuseConnections = false  - Libcurl will reuse connections
LogInit:  - MaxHostConnections = 16  - Libcurl will limit the number of connections to a host
LogInit:  - LocalHostAddr = Default
LogInit:  - BufferSize = 65536
LogSteamShared: Display: Loading Steam SDK 1.47
LogSteamShared: Steam SDK Loaded!
LogOnline: OSS: Creating online subsystem instance for: Steam
LogOnline: Warning: STEAM: Steam API disabled!
LogOnline: Display: STEAM: OnlineSubsystemSteam::Shutdown()
LogOnline: OSS: Unable to create OnlineSubsystem module Steam
LogOnline: OSS: Creating online subsystem instance for: NULL
LogInit: WinSock: version 1.1 (2.2), MaxSocks=32767, MaxUdp=65467
LogOnline: OSS: TryLoadSubsystemAndSetDefault: Loaded subsystem for module [NULL]
LogInit: Build: ++UE4+Release-4.25-CL-13942748
LogInit: Engine Version: 4.25.3-13942748+++UE4+Release-4.25
LogInit: Compatible Engine Version: 4.25.0-13144385+++UE4+Release-4.25
LogInit: Net CL: 13144385
LogInit: OS: Windows 10 (Release 2004) (), CPU: Intel(R) Core(TM) i5-7500T CPU @ 2.70GHz, GPU: NVIDIA GeForce GTX 1060
LogInit: Compiled (64-bit): Jul 25 2020 02:07:48
LogInit: Compiled with Visual C++: 19.24.28315.00
LogInit: Build Configuration: Development
LogInit: Branch Name: ++UE4+Release-4.25
LogInit: Command Line:  /Game/Maps/Menu?Listen -game -PIEVIACONSOLE -Multiprocess "GameUserSettingsINI=C:/Users/Olle/Documents/Game Projects/PROJ_Grupp2/HideNSneakUnreal/Saved/Config/Windows/PIEGameUserSettings0.ini" -MultiprocessSaveConfig -MultiprocessOSS -messaging -SessionName="Play in Standalone Game" -port=17777 -windowed -ResX=1280 -ResY=720
LogInit: Base Directory: C:/Program Files/Epic Games/UE_4.25/Engine/Binaries/Win64/
LogInit: Allocator: TBB
LogInit: Installed Engine Build: 1
LogDevObjectVersion: Number of dev versions registered: 26
LogDevObjectVersion:   Dev-Blueprints (B0D832E4-1F89-4F0D-ACCF-7EB736FD4AA2): 10
LogDevObjectVersion:   Dev-Build (E1C64328-A22C-4D53-A36C-8E866417BD8C): 0
LogDevObjectVersion:   Dev-Core (375EC13C-06E4-48FB-B500-84F0262A717E): 4
LogDevObjectVersion:   Dev-Editor (E4B068ED-F494-42E9-A231-DA0B2E46BB41): 38
LogDevObjectVersion:   Dev-Framework (CFFC743F-43B0-4480-9391-14DF171D2073): 37
LogDevObjectVersion:   Dev-Mobile (B02B49B5-BB20-44E9-A304-32B752E40360): 2
LogDevObjectVersion:   Dev-Networking (A4E4105C-59A1-49B5-A7C5-40C4547EDFEE): 0
LogDevObjectVersion:   Dev-Online (39C831C9-5AE6-47DC-9A44-9C173E1C8E7C): 0
LogDevObjectVersion:   Dev-Physics (78F01B33-EBEA-4F98-B9B4-84EACCB95AA2): 4
LogDevObjectVersion:   Dev-Platform (6631380F-2D4D-43E0-8009-CF276956A95A): 0
LogDevObjectVersion:   Dev-Rendering (12F88B9F-8875-4AFC-A67C-D90C383ABD29): 43
LogDevObjectVersion:   Dev-Sequencer (7B5AE74C-D270-4C10-A958-57980B212A5A): 12
LogDevObjectVersion:   Dev-VR (D7296918-1DD6-4BDD-9DE2-64A83CC13884): 3
LogDevObjectVersion:   Dev-LoadTimes (C2A15278-BFE7-4AFE-6C17-90FF531DF755): 1
LogDevObjectVersion:   Private-Geometry (6EACA3D4-40EC-4CC1-B786-8BED09428FC5): 3
LogDevObjectVersion:   Dev-AnimPhys (29E575DD-E0A3-4627-9D10-D276232CDCEA): 17
LogDevObjectVersion:   Dev-Anim (AF43A65D-7FD3-4947-9873-3E8ED9C1BB05): 7
LogDevObjectVersion:   Dev-ReflectionCapture (6B266CEC-1EC7-4B8F-A30B-E4D90942FC07): 1
LogDevObjectVersion:   Dev-Automation (0DF73D61-A23F-47EA-B727-89E90C41499A): 1
LogDevObjectVersion:   FortniteMain (601D1886-AC64-4F84-AA16-D3DE0DEAC7D6): 31
LogDevObjectVersion:   Dev-Enterprise (9DFFBCD6-494F-0158-E221-12823C92A888): 10
LogDevObjectVersion:   Dev-Niagara (F2AED0AC-9AFE-416F-8664-AA7FFA26D6FC): 1
LogDevObjectVersion:   Dev-Destruction (174F1F0B-B4C6-45A5-B13F-2EE8D0FB917D): 10
LogDevObjectVersion:   Dev-Physics-Ext (35F94A83-E258-406C-A318-09F59610247C): 37
LogDevObjectVersion:   Dev-PhysicsMaterial-Chaos (B68FC16E-8B1B-42E2-B453-215C058844FE): 1
LogDevObjectVersion:   Dev-CineCamera (B2E18506-4273-CFC2-A54E-F4BB758BBA07): 1
LogInit: Presizing for max 25165824 objects, including 0 objects not considered by GC, pre-allocating 0 bytes for permanent pool.
LogConfig: Applying CVar settings from Section [/Script/Engine.StreamingSettings] File [C:/Users/Olle/Documents/Game Projects/PROJ_Grupp2/HideNSneakUnreal/Saved/Config/Windows/Engine.ini]
LogConfig: Setting CVar [[s.MinBulkDataSizeForAsyncLoading:131072]]
LogConfig: Setting CVar [[s.AsyncLoadingThreadEnabled:0]]
LogConfig: Setting CVar [[s.EventDrivenLoaderEnabled:1]]
LogConfig: Setting CVar [[s.WarnIfTimeLimitExceeded:0]]
LogConfig: Setting CVar [[s.TimeLimitExceededMultiplier:1.5]]
LogConfig: Setting CVar [[s.TimeLimitExceededMinTime:0.005]]
LogConfig: Setting CVar [[s.UseBackgroundLevelStreaming:1]]
LogConfig: Setting CVar [[s.PriorityAsyncLoadingExtraTime:15.0]]
LogConfig: Setting CVar [[s.LevelStreamingActorsUpdateTimeLimit:5.0]]
LogConfig: Setting CVar [[s.PriorityLevelStreamingActorsUpdateExtraTime:5.0]]
LogConfig: Setting CVar [[s.LevelStreamingComponentsRegistrationGranularity:10]]
LogConfig: Setting CVar [[s.UnregisterComponentsTimeLimit:1.0]]
LogConfig: Setting CVar [[s.LevelStreamingComponentsUnregistrationGranularity:5]]
LogConfig: Setting CVar [[s.FlushStreamingOnExit:1]]
LogInit: Object subsystem initialized
LogConfig: Setting CVar [[con.DebugEarlyDefault:1]]
LogConfig: Setting CVar [[r.setres:1280x720]]
[2020.10.20-08.45.03:395][  0]LogConfig: Setting CVar [[con.DebugEarlyDefault:1]]
[2020.10.20-08.45.03:395][  0]LogConfig: Setting CVar [[r.setres:1280x720]]
[2020.10.20-08.45.03:395][  0]LogConfig: Applying CVar settings from Section [/Script/Engine.RendererSettings] File [C:/Users/Olle/Documents/Game Projects/PROJ_Grupp2/HideNSneakUnreal/Saved/Config/Windows/Engine.ini]
[2020.10.20-08.45.03:395][  0]LogConfig: Setting CVar [[r.GPUCrashDebugging:0]]
[2020.10.20-08.45.03:395][  0]LogConfig: Applying CVar settings from Section [/Script/Engine.RendererOverrideSettings] File [C:/Users/Olle/Documents/Game Projects/PROJ_Grupp2/HideNSneakUnreal/Saved/Config/Windows/Engine.ini]
[2020.10.20-08.45.03:395][  0]LogConfig: Applying CVar settings from Section [/Script/Engine.StreamingSettings] File [C:/Users/Olle/Documents/Game Projects/PROJ_Grupp2/HideNSneakUnreal/Saved/Config/Windows/Engine.ini]
[2020.10.20-08.45.03:395][  0]LogConfig: Setting CVar [[s.MinBulkDataSizeForAsyncLoading:131072]]
[2020.10.20-08.45.03:395][  0]LogConfig: Setting CVar [[s.AsyncLoadingThreadEnabled:0]]
[2020.10.20-08.45.03:395][  0]LogConfig: Setting CVar [[s.EventDrivenLoaderEnabled:1]]
[2020.10.20-08.45.03:395][  0]LogConfig: Setting CVar [[s.WarnIfTimeLimitExceeded:0]]
[2020.10.20-08.45.03:395][  0]LogConfig: Setting CVar [[s.TimeLimitExceededMultiplier:1.5]]
[2020.10.20-08.45.03:395][  0]LogConfig: Setting CVar [[s.TimeLimitExceededMinTime:0.005]]
[2020.10.20-08.45.03:395][  0]LogConfig: Setting CVar [[s.UseBackgroundLevelStreaming:1]]
[2020.10.20-08.45.03:395][  0]LogConfig: Setting CVar [[s.PriorityAsyncLoadingExtraTime:15.0]]
[2020.10.20-08.45.03:395][  0]LogConfig: Setting CVar [[s.LevelStreamingActorsUpdateTimeLimit:5.0]]
[2020.10.20-08.45.03:395][  0]LogConfig: Setting CVar [[s.PriorityLevelStreamingActorsUpdateExtraTime:5.0]]
[2020.10.20-08.45.03:395][  0]LogConfig: Setting CVar [[s.LevelStreamingComponentsRegistrationGranularity:10]]
[2020.10.20-08.45.03:395][  0]LogConfig: Setting CVar [[s.UnregisterComponentsTimeLimit:1.0]]
[2020.10.20-08.45.03:395][  0]LogConfig: Setting CVar [[s.LevelStreamingComponentsUnregistrationGranularity:5]]
[2020.10.20-08.45.03:395][  0]LogConfig: Setting CVar [[s.FlushStreamingOnExit:1]]
[2020.10.20-08.45.03:395][  0]LogConfig: Applying CVar settings from Section [/Script/Engine.GarbageCollectionSettings] File [C:/Users/Olle/Documents/Game Projects/PROJ_Grupp2/HideNSneakUnreal/Saved/Config/Windows/Engine.ini]
[2020.10.20-08.45.03:395][  0]LogConfig: Setting CVar [[gc.MaxObjectsNotConsideredByGC:1]]
[2020.10.20-08.45.03:396][  0]LogConfig: Setting CVar [[gc.SizeOfPermanentObjectPool:0]]
[2020.10.20-08.45.03:396][  0]LogConfig: Setting CVar [[gc.FlushStreamingOnGC:0]]
[2020.10.20-08.45.03:396][  0]LogConfig: Setting CVar [[gc.NumRetriesBeforeForcingGC:10]]
[2020.10.20-08.45.03:396][  0]LogConfig: Setting CVar [[gc.AllowParallelGC:1]]
[2020.10.20-08.45.03:396][  0]LogConfig: Setting CVar [[gc.TimeBetweenPurgingPendingKillObjects:61.1]]
[2020.10.20-08.45.03:396][  0]LogConfig: Setting CVar [[gc.MaxObjectsInEditor:25165824]]
[2020.10.20-08.45.03:396][  0]LogConfig: Setting CVar [[gc.IncrementalBeginDestroyEnabled:1]]
[2020.10.20-08.45.03:396][  0]LogConfig: Setting CVar [[gc.CreateGCClusters:1]]
[2020.10.20-08.45.03:396][  0]LogConfig: Setting CVar [[gc.MinGCClusterSize:5]]
[2020.10.20-08.45.03:396][  0]LogConfig: Setting CVar [[gc.ActorClusteringEnabled:0]]
[2020.10.20-08.45.03:396][  0]LogConfig: Setting CVar [[gc.BlueprintClusteringEnabled:0]]
[2020.10.20-08.45.03:396][  0]LogConfig: Setting CVar [[gc.UseDisregardForGCOnDedicatedServers:0]]
[2020.10.20-08.45.03:396][  0]LogConfig: Applying CVar settings from Section [/Script/Engine.NetworkSettings] File [C:/Users/Olle/Documents/Game Projects/PROJ_Grupp2/HideNSneakUnreal/Saved/Config/Windows/Engine.ini]
[2020.10.20-08.45.03:396][  0]LogConfig: Applying CVar settings from Section [/Script/UnrealEd.CookerSettings] File [C:/Users/Olle/Documents/Game Projects/PROJ_Grupp2/HideNSneakUnreal/Saved/Config/Windows/Engine.ini]
[2020.10.20-08.45.03:400][  0]LogConfig: Applying CVar settings from Section [ViewDistanceQuality@3] File [C:/Users/Olle/Documents/Game Projects/PROJ_Grupp2/HideNSneakUnreal/Saved/Config/Windows/Scalability.ini]
[2020.10.20-08.45.03:400][  0]LogConfig: Setting CVar [[r.SkeletalMeshLODBias:0]]
[2020.10.20-08.45.03:401][  0]LogConfig: Setting CVar [[r.ViewDistanceScale:1.0]]
[2020.10.20-08.45.03:401][  0]LogConfig: Applying CVar settings from Section [AntiAliasingQuality@3] File [C:/Users/Olle/Documents/Game Projects/PROJ_Grupp2/HideNSneakUnreal/Saved/Config/Windows/Scalability.ini]
[2020.10.20-08.45.03:401][  0]LogConfig: Setting CVar [[r.PostProcessAAQuality:4]]
[2020.10.20-08.45.03:401][  0]LogConfig: Applying CVar settings from Section [ShadowQuality@3] File [C:/Users/Olle/Documents/Game Projects/PROJ_Grupp2/HideNSneakUnreal/Saved/Config/Windows/Scalability.ini]
[2020.10.20-08.45.03:401][  0]LogConfig: Setting CVar [[r.LightFunctionQuality:1]]
[2020.10.20-08.45.03:401][  0]LogConfig: Setting CVar [[r.ShadowQuality:5]]
[2020.10.20-08.45.03:401][  0]LogConfig: Setting CVar [[r.Shadow.CSM.MaxCascades:10]]
[2020.10.20-08.45.03:401][  0]LogConfig: Setting CVar [[r.Shadow.MaxResolution:2048]]
[2020.10.20-08.45.03:401][  0]LogConfig: Setting CVar [[r.Shadow.MaxCSMResolution:2048]]
[2020.10.20-08.45.03:401][  0]LogConfig: Setting CVar [[r.Shadow.RadiusThreshold:0.01]]
[2020.10.20-08.45.03:401][  0]LogConfig: Setting CVar [[r.Shadow.DistanceScale:1.0]]
[2020.10.20-08.45.03:401][  0]LogConfig: Setting CVar [[r.Shadow.CSM.TransitionScale:1.0]]
[2020.10.20-08.45.03:401][  0]LogConfig: Setting CVar [[r.Shadow.PreShadowResolutionFactor:1.0]]
[2020.10.20-08.45.03:401][  0]LogConfig: Setting CVar [[r.DistanceFieldShadowing:1]]
[2020.10.20-08.45.03:401][  0]LogConfig: Setting CVar [[r.DistanceFieldAO:1]]
[2020.10.20-08.45.03:401][  0]LogConfig: Setting CVar [[r.AOQuality:2]]
[2020.10.20-08.45.03:401][  0]LogConfig: Setting CVar [[r.VolumetricFog:1]]
[2020.10.20-08.45.03:401][  0]LogConfig: Setting CVar [[r.VolumetricFog.GridPixelSize:8]]
[2020.10.20-08.45.03:401][  0]LogConfig: Setting CVar [[r.VolumetricFog.GridSizeZ:128]]
[2020.10.20-08.45.03:401][  0]LogConfig: Setting CVar [[r.VolumetricFog.HistoryMissSupersampleCount:4]]
[2020.10.20-08.45.03:401][  0]LogConfig: Setting CVar [[r.LightMaxDrawDistanceScale:1]]
[2020.10.20-08.45.03:401][  0]LogConfig: Setting CVar [[r.CapsuleShadows:1]]
[2020.10.20-08.45.03:401][  0]LogConfig: Applying CVar settings from Section [PostProcessQuality@3] File [C:/Users/Olle/Documents/Game Projects/PROJ_Grupp2/HideNSneakUnreal/Saved/Config/Windows/Scalability.ini]
[2020.10.20-08.45.03:401][  0]LogConfig: Setting CVar [[r.MotionBlurQuality:4]]
[2020.10.20-08.45.03:401][  0]LogConfig: Setting CVar [[r.AmbientOcclusionMipLevelFactor:0.4]]
[2020.10.20-08.45.03:401][  0]LogConfig: Setting CVar [[r.AmbientOcclusionMaxQuality:100]]
[2020.10.20-08.45.03:401][  0]LogConfig: Setting CVar [[r.AmbientOcclusionLevels:-1]]
[2020.10.20-08.45.03:402][  0]LogConfig: Setting CVar [[r.AmbientOcclusionRadiusScale:1.0]]
[2020.10.20-08.45.03:402][  0]LogConfig: Setting CVar [[r.DepthOfFieldQuality:2]]
[2020.10.20-08.45.03:402][  0]LogConfig: Setting CVar [[r.RenderTargetPoolMin:400]]
[2020.10.20-08.45.03:402][  0]LogConfig: Setting CVar [[r.LensFlareQuality:2]]
[2020.10.20-08.45.03:402][  0]LogConfig: Setting CVar [[r.SceneColorFringeQuality:1]]
[2020.10.20-08.45.03:402][  0]LogConfig: Setting CVar [[r.EyeAdaptationQuality:2]]
[2020.10.20-08.45.03:402][  0]LogConfig: Setting CVar [[r.BloomQuality:5]]
[2020.10.20-08.45.03:402][  0]LogConfig: Setting CVar [[r.FastBlurThreshold:100]]
[2020.10.20-08.45.03:402][  0]LogConfig: Setting CVar [[r.Upscale.Quality:3]]
[2020.10.20-08.45.03:402][  0]LogConfig: Setting CVar [[r.Tonemapper.GrainQuantization:1]]
[2020.10.20-08.45.03:402][  0]LogConfig: Setting CVar [[r.LightShaftQuality:1]]
[2020.10.20-08.45.03:402][  0]LogConfig: Setting CVar [[r.Filter.SizeScale:1]]
[2020.10.20-08.45.03:402][  0]LogConfig: Setting CVar [[r.Tonemapper.Quality:5]]
[2020.10.20-08.45.03:402][  0]LogConfig: Setting CVar [[r.DOF.Gather.AccumulatorQuality:1        ; higher gathering accumulator quality]]
[2020.10.20-08.45.03:402][  0]LogConfig: Setting CVar [[r.DOF.Gather.PostfilterMethod:1          ; Median3x3 postfilering method]]
[2020.10.20-08.45.03:402][  0]LogConfig: Setting CVar [[r.DOF.Gather.EnableBokehSettings:0       ; no bokeh simulation when gathering]]
[2020.10.20-08.45.03:402][  0]LogConfig: Setting CVar [[r.DOF.Gather.RingCount:4                 ; medium number of samples when gathering]]
[2020.10.20-08.45.03:402][  0]LogConfig: Setting CVar [[r.DOF.Scatter.ForegroundCompositing:1    ; additive foreground scattering]]
[2020.10.20-08.45.03:402][  0]LogConfig: Setting CVar [[r.DOF.Scatter.BackgroundCompositing:2    ; additive background scattering]]
[2020.10.20-08.45.03:402][  0]LogConfig: Setting CVar [[r.DOF.Scatter.EnableBokehSettings:1      ; bokeh simulation when scattering]]
[2020.10.20-08.45.03:402][  0]LogConfig: Setting CVar [[r.DOF.Scatter.MaxSpriteRatio:0.1         ; only a maximum of 10% of scattered bokeh]]
[2020.10.20-08.45.03:402][  0]LogConfig: Setting CVar [[r.DOF.Recombine.Quality:1                ; cheap slight out of focus]]
[2020.10.20-08.45.03:402][  0]LogConfig: Setting CVar [[r.DOF.Recombine.EnableBokehSettings:0    ; no bokeh simulation on slight out of focus]]
[2020.10.20-08.45.03:402][  0]LogConfig: Setting CVar [[r.DOF.TemporalAAQuality:1                ; more stable temporal accumulation]]
[2020.10.20-08.45.03:402][  0]LogConfig: Setting CVar [[r.DOF.Kernel.MaxForegroundRadius:0.025]]
[2020.10.20-08.45.03:402][  0]LogConfig: Setting CVar [[r.DOF.Kernel.MaxBackgroundRadius:0.025]]
[2020.10.20-08.45.03:402][  0]LogConfig: Applying CVar settings from Section [TextureQuality@3] File [C:/Users/Olle/Documents/Game Projects/PROJ_Grupp2/HideNSneakUnreal/Saved/Config/Windows/Scalability.ini]
[2020.10.20-08.45.03:403][  0]LogConfig: Setting CVar [[r.Streaming.MipBias:0]]
[2020.10.20-08.45.03:403][  0]LogConfig: Setting CVar [[r.Streaming.AmortizeCPUToGPUCopy:0]]
[2020.10.20-08.45.03:403][  0]LogConfig: Setting CVar [[r.Streaming.MaxNumTexturesToStreamPerFrame:0]]
[2020.10.20-08.45.03:403][  0]LogConfig: Setting CVar [[r.Streaming.Boost:1]]
[2020.10.20-08.45.03:403][  0]LogConfig: Setting CVar [[r.MaxAnisotropy:8]]
[2020.10.20-08.45.03:403][  0]LogConfig: Setting CVar [[r.VT.MaxAnisotropy:8]]
[2020.10.20-08.45.03:403][  0]LogConfig: Setting CVar [[r.Streaming.LimitPoolSizeToVRAM:0]]
[2020.10.20-08.45.03:403][  0]LogConfig: Setting CVar [[r.Streaming.PoolSize:1000]]
[2020.10.20-08.45.03:403][  0]LogConfig: Setting CVar [[r.Streaming.MaxEffectiveScreenSize:0]]
[2020.10.20-08.45.03:403][  0]LogConfig: Applying CVar settings from Section [EffectsQuality@3] File [C:/Users/Olle/Documents/Game Projects/PROJ_Grupp2/HideNSneakUnreal/Saved/Config/Windows/Scalability.ini]
[2020.10.20-08.45.03:403][  0]LogConfig: Setting CVar [[r.TranslucencyLightingVolumeDim:64]]
[2020.10.20-08.45.03:403][  0]LogConfig: Setting CVar [[r.RefractionQuality:2]]
[2020.10.20-08.45.03:403][  0]LogConfig: Setting CVar [[r.SSR.Quality:3]]
[2020.10.20-08.45.03:403][  0]LogConfig: Setting CVar [[r.SSR.HalfResSceneColor:0]]
[2020.10.20-08.45.03:403][  0]LogConfig: Setting CVar [[r.SceneColorFormat:4]]
[2020.10.20-08.45.03:403][  0]LogConfig: Setting CVar [[r.DetailMode:2]]
[2020.10.20-08.45.03:403][  0]LogConfig: Setting CVar [[r.TranslucencyVolumeBlur:1]]
[2020.10.20-08.45.03:403][  0]LogConfig: Setting CVar [[r.MaterialQualityLevel:1 ; High quality]]
[2020.10.20-08.45.03:403][  0]LogConfig: Setting CVar [[r.SSS.Scale:1]]
[2020.10.20-08.45.03:403][  0]LogConfig: Setting CVar [[r.SSS.SampleSet:2]]
[2020.10.20-08.45.03:403][  0]LogConfig: Setting CVar [[r.SSS.Quality:1]]
[2020.10.20-08.45.03:404][  0]LogConfig: Setting CVar [[r.SSS.HalfRes:0]]
[2020.10.20-08.45.03:404][  0]LogConfig: Setting CVar [[r.SSGI.Quality:3]]
[2020.10.20-08.45.03:404][  0]LogConfig: Setting CVar [[r.EmitterSpawnRateScale:1.0]]
[2020.10.20-08.45.03:404][  0]LogConfig: Setting CVar [[r.ParticleLightQuality:2]]
[2020.10.20-08.45.03:404][  0]LogConfig: Setting CVar [[r.SkyAtmosphere.AerialPerspectiveLUT.FastApplyOnOpaque:1 ; Always have FastSkyLUT 1 in this case to avoid wrong sky]]
[2020.10.20-08.45.03:404][  0]LogConfig: Setting CVar [[r.SkyAtmosphere.AerialPerspectiveLUT.SampleCountPerSlice:1]]
[2020.10.20-08.45.03:404][  0]LogConfig: Setting CVar [[r.SkyAtmosphere.AerialPerspectiveLUT.DepthResolution:16.0]]
[2020.10.20-08.45.03:404][  0]LogConfig: Setting CVar [[r.SkyAtmosphere.FastSkyLUT:1]]
[2020.10.20-08.45.03:404][  0]LogConfig: Setting CVar [[r.SkyAtmosphere.FastSkyLUT.SampleCountMin:4.0]]
[2020.10.20-08.45.03:404][  0]LogConfig: Setting CVar [[r.SkyAtmosphere.FastSkyLUT.SampleCountMax:32.0]]
[2020.10.20-08.45.03:404][  0]LogConfig: Setting CVar [[r.SkyAtmosphere.SampleCountMin:4.0]]
[2020.10.20-08.45.03:404][  0]LogConfig: Setting CVar [[r.SkyAtmosphere.SampleCountMax:32.0]]
[2020.10.20-08.45.03:404][  0]LogConfig: Setting CVar [[r.SkyAtmosphere.TransmittanceLUT.UseSmallFormat:0]]
[2020.10.20-08.45.03:404][  0]LogConfig: Setting CVar [[r.SkyAtmosphere.TransmittanceLUT.SampleCount:10.0]]
[2020.10.20-08.45.03:404][  0]LogConfig: Setting CVar [[r.SkyAtmosphere.MultiScatteringLUT.SampleCount:15.0]]
[2020.10.20-08.45.03:404][  0]LogConfig: Applying CVar settings from Section [FoliageQuality@3] File [C:/Users/Olle/Documents/Game Projects/PROJ_Grupp2/HideNSneakUnreal/Saved/Config/Windows/Scalability.ini]
[2020.10.20-08.45.03:404][  0]LogConfig: Setting CVar [[foliage.DensityScale:1.0]]
[2020.10.20-08.45.03:404][  0]LogConfig: Setting CVar [[grass.DensityScale:1.0]]
[2020.10.20-08.45.03:404][  0]LogConfig: Applying CVar settings from Section [ShadingQuality@3] File [C:/Users/Olle/Documents/Game Projects/PROJ_Grupp2/HideNSneakUnreal/Saved/Config/Windows/Scalability.ini]
[2020.10.20-08.45.03:404][  0]LogConfig: Setting CVar [[r.HairStrands.SkyLighting.SampleCount:16]]
[2020.10.20-08.45.03:404][  0]LogConfig: Setting CVar [[r.HairStrands.SkyLighting.JitterIntegration:0]]
[2020.10.20-08.45.03:404][  0]LogConfig: Setting CVar [[r.HairStrands.SkyAO.SampleCount:16]]
[2020.10.20-08.45.03:405][  0]LogConfig: Setting CVar [[r.HairStrands.DeepShadow.SuperSampling:0]]
[2020.10.20-08.45.03:405][  0]LogConfig: Setting CVar [[r.HairStrands.VisibilityPPLL:0]]
[2020.10.20-08.45.03:405][  0]LogConfig: Setting CVar [[r.HairStrands.RasterizationScale:0.5]]
[2020.10.20-08.45.03:405][  0]LogConfig: Setting CVar [[r.HairStrands.VelocityRasterizationScale:1]]
[2020.10.20-08.45.03:405][  0]LogInit: Selected Device Profile: [Windows]
[2020.10.20-08.45.03:405][  0]LogInit: Applying CVar settings loaded from the selected device profile: [Windows]
[2020.10.20-08.45.03:405][  0]LogHAL: Display: Platform has ~ 16 GB [17133535232 / 17179869184 / 16], which maps to Larger [LargestMinGB=32, LargerMinGB=12, DefaultMinGB=8, SmallerMinGB=6, SmallestMinGB=0)
[2020.10.20-08.45.03:405][  0]LogInit: Going up to parent DeviceProfile []
[2020.10.20-08.45.03:405][  0]LogConfig: Applying CVar settings from Section [ViewDistanceQuality@3] File [C:/Users/Olle/Documents/Game Projects/PROJ_Grupp2/HideNSneakUnreal/Saved/Config/Windows/Scalability.ini]
[2020.10.20-08.45.03:405][  0]LogConfig: Setting CVar [[r.SkeletalMeshLODBias:0]]
[2020.10.20-08.45.03:405][  0]LogConfig: Setting CVar [[r.ViewDistanceScale:1.0]]
[2020.10.20-08.45.03:405][  0]LogConfig: Applying CVar settings from Section [AntiAliasingQuality@3] File [C:/Users/Olle/Documents/Game Projects/PROJ_Grupp2/HideNSneakUnreal/Saved/Config/Windows/Scalability.ini]
[2020.10.20-08.45.03:405][  0]LogConfig: Setting CVar [[r.PostProcessAAQuality:4]]
[2020.10.20-08.45.03:405][  0]LogConfig: Applying CVar settings from Section [ShadowQuality@3] File [C:/Users/Olle/Documents/Game Projects/PROJ_Grupp2/HideNSneakUnreal/Saved/Config/Windows/Scalability.ini]
[2020.10.20-08.45.03:405][  0]LogConfig: Setting CVar [[r.LightFunctionQuality:1]]
[2020.10.20-08.45.03:405][  0]LogConfig: Setting CVar [[r.ShadowQuality:5]]
[2020.10.20-08.45.03:405][  0]LogConfig: Setting CVar [[r.Shadow.CSM.MaxCascades:10]]
[2020.10.20-08.45.03:405][  0]LogConfig: Setting CVar [[r.Shadow.MaxResolution:2048]]
[2020.10.20-08.45.03:405][  0]LogConfig: Setting CVar [[r.Shadow.MaxCSMResolution:2048]]
[2020.10.20-08.45.03:405][  0]LogConfig: Setting CVar [[r.Shadow.RadiusThreshold:0.01]]
[2020.10.20-08.45.03:406][  0]LogConfig: Setting CVar [[r.Shadow.DistanceScale:1.0]]
[2020.10.20-08.45.03:406][  0]LogConfig: Setting CVar [[r.Shadow.CSM.TransitionScale:1.0]]
[2020.10.20-08.45.03:406][  0]LogConfig: Setting CVar [[r.Shadow.PreShadowResolutionFactor:1.0]]
[2020.10.20-08.45.03:406][  0]LogConfig: Setting CVar [[r.DistanceFieldShadowing:1]]
[2020.10.20-08.45.03:406][  0]LogConfig: Setting CVar [[r.DistanceFieldAO:1]]
[2020.10.20-08.45.03:406][  0]LogConfig: Setting CVar [[r.AOQuality:2]]
[2020.10.20-08.45.03:406][  0]LogConfig: Setting CVar [[r.VolumetricFog:1]]
[2020.10.20-08.45.03:406][  0]LogConfig: Setting CVar [[r.VolumetricFog.GridPixelSize:8]]
[2020.10.20-08.45.03:406][  0]LogConfig: Setting CVar [[r.VolumetricFog.GridSizeZ:128]]
[2020.10.20-08.45.03:406][  0]LogConfig: Setting CVar [[r.VolumetricFog.HistoryMissSupersampleCount:4]]
[2020.10.20-08.45.03:406][  0]LogConfig: Setting CVar [[r.LightMaxDrawDistanceScale:1]]
[2020.10.20-08.45.03:406][  0]LogConfig: Setting CVar [[r.CapsuleShadows:1]]
[2020.10.20-08.45.03:406][  0]LogConfig: Applying CVar settings from Section [PostProcessQuality@3] File [C:/Users/Olle/Documents/Game Projects/PROJ_Grupp2/HideNSneakUnreal/Saved/Config/Windows/Scalability.ini]
[2020.10.20-08.45.03:406][  0]LogConfig: Setting CVar [[r.MotionBlurQuality:4]]
[2020.10.20-08.45.03:406][  0]LogConfig: Setting CVar [[r.AmbientOcclusionMipLevelFactor:0.4]]
[2020.10.20-08.45.03:406][  0]LogConfig: Setting CVar [[r.AmbientOcclusionMaxQuality:100]]
[2020.10.20-08.45.03:406][  0]LogConfig: Setting CVar [[r.AmbientOcclusionLevels:-1]]
[2020.10.20-08.45.03:406][  0]LogConfig: Setting CVar [[r.AmbientOcclusionRadiusScale:1.0]]
[2020.10.20-08.45.03:406][  0]LogConfig: Setting CVar [[r.DepthOfFieldQuality:2]]
[2020.10.20-08.45.03:406][  0]LogConfig: Setting CVar [[r.RenderTargetPoolMin:400]]
[2020.10.20-08.45.03:406][  0]LogConfig: Setting CVar [[r.LensFlareQuality:2]]
[2020.10.20-08.45.03:406][  0]LogConfig: Setting CVar [[r.SceneColorFringeQuality:1]]
[2020.10.20-08.45.03:406][  0]LogConfig: Setting CVar [[r.EyeAdaptationQuality:2]]
[2020.10.20-08.45.03:406][  0]LogConfig: Setting CVar [[r.BloomQuality:5]]
[2020.10.20-08.45.03:406][  0]LogConfig: Setting CVar [[r.FastBlurThreshold:100]]
[2020.10.20-08.45.03:406][  0]LogConfig: Setting CVar [[r.Upscale.Quality:3]]
[2020.10.20-08.45.03:406][  0]LogConfig: Setting CVar [[r.Tonemapper.GrainQuantization:1]]
[2020.10.20-08.45.03:406][  0]LogConfig: Setting CVar [[r.LightShaftQuality:1]]
[2020.10.20-08.45.03:406][  0]LogConfig: Setting CVar [[r.Filter.SizeScale:1]]
[2020.10.20-08.45.03:406][  0]LogConfig: Setting CVar [[r.Tonemapper.Quality:5]]
[2020.10.20-08.45.03:406][  0]LogConfig: Setting CVar [[r.DOF.Gather.AccumulatorQuality:1        ; higher gathering accumulator quality]]
[2020.10.20-08.45.03:406][  0]LogConfig: Setting CVar [[r.DOF.Gather.PostfilterMethod:1          ; Median3x3 postfilering method]]
[2020.10.20-08.45.03:407][  0]LogConfig: Setting CVar [[r.DOF.Gather.EnableBokehSettings:0       ; no bokeh simulation when gathering]]
[2020.10.20-08.45.03:407][  0]LogConfig: Setting CVar [[r.DOF.Gather.RingCount:4                 ; medium number of samples when gathering]]
[2020.10.20-08.45.03:407][  0]LogConfig: Setting CVar [[r.DOF.Scatter.ForegroundCompositing:1    ; additive foreground scattering]]
[2020.10.20-08.45.03:407][  0]LogConfig: Setting CVar [[r.DOF.Scatter.BackgroundCompositing:2    ; additive background scattering]]
[2020.10.20-08.45.03:407][  0]LogConfig: Setting CVar [[r.DOF.Scatter.EnableBokehSettings:1      ; bokeh simulation when scattering]]
[2020.10.20-08.45.03:407][  0]LogConfig: Setting CVar [[r.DOF.Scatter.MaxSpriteRatio:0.1         ; only a maximum of 10% of scattered bokeh]]
[2020.10.20-08.45.03:407][  0]LogConfig: Setting CVar [[r.DOF.Recombine.Quality:1                ; cheap slight out of focus]]
[2020.10.20-08.45.03:407][  0]LogConfig: Setting CVar [[r.DOF.Recombine.EnableBokehSettings:0    ; no bokeh simulation on slight out of focus]]
[2020.10.20-08.45.03:407][  0]LogConfig: Setting CVar [[r.DOF.TemporalAAQuality:1                ; more stable temporal accumulation]]
[2020.10.20-08.45.03:407][  0]LogConfig: Setting CVar [[r.DOF.Kernel.MaxForegroundRadius:0.025]]
[2020.10.20-08.45.03:407][  0]LogConfig: Setting CVar [[r.DOF.Kernel.MaxBackgroundRadius:0.025]]
[2020.10.20-08.45.03:407][  0]LogConfig: Applying CVar settings from Section [TextureQuality@3] File [C:/Users/Olle/Documents/Game Projects/PROJ_Grupp2/HideNSneakUnreal/Saved/Config/Windows/Scalability.ini]
[2020.10.20-08.45.03:407][  0]LogConfig: Setting CVar [[r.Streaming.MipBias:0]]
[2020.10.20-08.45.03:407][  0]LogConfig: Setting CVar [[r.Streaming.AmortizeCPUToGPUCopy:0]]
[2020.10.20-08.45.03:407][  0]LogConfig: Setting CVar [[r.Streaming.MaxNumTexturesToStreamPerFrame:0]]
[2020.10.20-08.45.03:407][  0]LogConfig: Setting CVar [[r.Streaming.Boost:1]]
[2020.10.20-08.45.03:407][  0]LogConfig: Setting CVar [[r.MaxAnisotropy:8]]
[2020.10.20-08.45.03:407][  0]LogConfig: Setting CVar [[r.VT.MaxAnisotropy:8]]
[2020.10.20-08.45.03:407][  0]LogConfig: Setting CVar [[r.Streaming.LimitPoolSizeToVRAM:0]]
[2020.10.20-08.45.03:407][  0]LogConfig: Setting CVar [[r.Streaming.PoolSize:1000]]
[2020.10.20-08.45.03:407][  0]LogConfig: Setting CVar [[r.Streaming.MaxEffectiveScreenSize:0]]
[2020.10.20-08.45.03:407][  0]LogConfig: Applying CVar settings from Section [EffectsQuality@3] File [C:/Users/Olle/Documents/Game Projects/PROJ_Grupp2/HideNSneakUnreal/Saved/Config/Windows/Scalability.ini]
[2020.10.20-08.45.03:407][  0]LogConfig: Setting CVar [[r.TranslucencyLightingVolumeDim:64]]
[2020.10.20-08.45.03:407][  0]LogConfig: Setting CVar [[r.RefractionQuality:2]]
[2020.10.20-08.45.03:407][  0]LogConfig: Setting CVar [[r.SSR.Quality:3]]
[2020.10.20-08.45.03:407][  0]LogConfig: Setting CVar [[r.SSR.HalfResSceneColor:0]]
[2020.10.20-08.45.03:407][  0]LogConfig: Setting CVar [[r.SceneColorFormat:4]]
[2020.10.20-08.45.03:407][  0]LogConfig: Setting CVar [[r.DetailMode:2]]
[2020.10.20-08.45.03:407][  0]LogConfig: Setting CVar [[r.TranslucencyVolumeBlur:1]]
[2020.10.20-08.45.03:407][  0]LogConfig: Setting CVar [[r.MaterialQualityLevel:1 ; High quality]]
[2020.10.20-08.45.03:407][  0]LogConfig: Setting CVar [[r.SSS.Scale:1]]
[2020.10.20-08.45.03:407][  0]LogConfig: Setting CVar [[r.SSS.SampleSet:2]]
[2020.10.20-08.45.03:407][  0]LogConfig: Setting CVar [[r.SSS.Quality:1]]
[2020.10.20-08.45.03:407][  0]LogConfig: Setting CVar [[r.SSS.HalfRes:0]]
[2020.10.20-08.45.03:407][  0]LogConfig: Setting CVar [[r.SSGI.Quality:3]]
[2020.10.20-08.45.03:407][  0]LogConfig: Setting CVar [[r.EmitterSpawnRateScale:1.0]]
[2020.10.20-08.45.03:407][  0]LogConfig: Setting CVar [[r.ParticleLightQuality:2]]
[2020.10.20-08.45.03:407][  0]LogConfig: Setting CVar [[r.SkyAtmosphere.AerialPerspectiveLUT.FastApplyOnOpaque:1 ; Always have FastSkyLUT 1 in this case to avoid wrong sky]]
[2020.10.20-08.45.03:407][  0]LogConfig: Setting CVar [[r.SkyAtmosphere.AerialPerspectiveLUT.SampleCountPerSlice:1]]
[2020.10.20-08.45.03:407][  0]LogConfig: Setting CVar [[r.SkyAtmosphere.AerialPerspectiveLUT.DepthResolution:16.0]]
[2020.10.20-08.45.03:407][  0]LogConfig: Setting CVar [[r.SkyAtmosphere.FastSkyLUT:1]]
[2020.10.20-08.45.03:407][  0]LogConfig: Setting CVar [[r.SkyAtmosphere.FastSkyLUT.SampleCountMin:4.0]]
[2020.10.20-08.45.03:408][  0]LogConfig: Setting CVar [[r.SkyAtmosphere.FastSkyLUT.SampleCountMax:32.0]]
[2020.10.20-08.45.03:408][  0]LogConfig: Setting CVar [[r.SkyAtmosphere.SampleCountMin:4.0]]
[2020.10.20-08.45.03:408][  0]LogConfig: Setting CVar [[r.SkyAtmosphere.SampleCountMax:32.0]]
[2020.10.20-08.45.03:408][  0]LogConfig: Setting CVar [[r.SkyAtmosphere.TransmittanceLUT.UseSmallFormat:0]]
[2020.10.20-08.45.03:408][  0]LogConfig: Setting CVar [[r.SkyAtmosphere.TransmittanceLUT.SampleCount:10.0]]
[2020.10.20-08.45.03:408][  0]LogConfig: Setting CVar [[r.SkyAtmosphere.MultiScatteringLUT.SampleCount:15.0]]
[2020.10.20-08.45.03:408][  0]LogConfig: Applying CVar settings from Section [FoliageQuality@3] File [C:/Users/Olle/Documents/Game Projects/PROJ_Grupp2/HideNSneakUnreal/Saved/Config/Windows/Scalability.ini]
[2020.10.20-08.45.03:408][  0]LogConfig: Setting CVar [[foliage.DensityScale:1.0]]
[2020.10.20-08.45.03:408][  0]LogConfig: Setting CVar [[grass.DensityScale:1.0]]
[2020.10.20-08.45.03:408][  0]LogConfig: Applying CVar settings from Section [ShadingQuality@3] File [C:/Users/Olle/Documents/Game Projects/PROJ_Grupp2/HideNSneakUnreal/Saved/Config/Windows/Scalability.ini]
[2020.10.20-08.45.03:408][  0]LogConfig: Setting CVar [[r.HairStrands.SkyLighting.SampleCount:16]]
[2020.10.20-08.45.03:408][  0]LogConfig: Setting CVar [[r.HairStrands.SkyLighting.JitterIntegration:0]]
[2020.10.20-08.45.03:408][  0]LogConfig: Setting CVar [[r.HairStrands.SkyAO.SampleCount:16]]
[2020.10.20-08.45.03:408][  0]LogConfig: Setting CVar [[r.HairStrands.DeepShadow.SuperSampling:0]]
[2020.10.20-08.45.03:408][  0]LogConfig: Setting CVar [[r.HairStrands.VisibilityPPLL:0]]
[2020.10.20-08.45.03:408][  0]LogConfig: Setting CVar [[r.HairStrands.RasterizationScale:0.5]]
[2020.10.20-08.45.03:408][  0]LogConfig: Setting CVar [[r.HairStrands.VelocityRasterizationScale:1]]
[2020.10.20-08.45.03:408][  0]LogConfig: Applying CVar settings from Section [Startup] File [../../../Engine/Config/ConsoleVariables.ini]
[2020.10.20-08.45.03:408][  0]LogConfig: Setting CVar [[net.UseAdaptiveNetUpdateFrequency:0]]
[2020.10.20-08.45.03:408][  0]LogConfig: Setting CVar [[p.chaos.AllowCreatePhysxBodies:1]]
[2020.10.20-08.45.03:408][  0]LogConfig: Setting CVar [[fx.SkipVectorVMBackendOptimizations:1]]
[2020.10.20-08.45.03:408][  0]LogConfig: Applying CVar settings from Section [ConsoleVariables] File [C:/Users/Olle/Documents/Game Projects/PROJ_Grupp2/HideNSneakUnreal/Saved/Config/Windows/Engine.ini]
[2020.10.20-08.45.03:408][  0]LogInit: Computer: DESKTOP-Q35ATQN
[2020.10.20-08.45.03:408][  0]LogInit: User: Olle
[2020.10.20-08.45.03:408][  0]LogInit: CPU Page size=4096, Cores=4
[2020.10.20-08.45.03:408][  0]LogInit: High frequency timer resolution =10.000000 MHz
[2020.10.20-08.45.03:409][  0]LogMemory: Memory total: Physical=16.0GB (16GB approx)
[2020.10.20-08.45.03:409][  0]LogMemory: Platform Memory Stats for Windows
[2020.10.20-08.45.03:409][  0]LogMemory: Process Physical Memory: 115.03 MB used, 115.04 MB peak
[2020.10.20-08.45.03:409][  0]LogMemory: Process Virtual Memory: 97.50 MB used, 97.50 MB peak
[2020.10.20-08.45.03:409][  0]LogMemory: Physical Memory: 6522.74 MB used,  9817.07 MB free, 16339.81 MB total
[2020.10.20-08.45.03:409][  0]LogMemory: Virtual Memory: 5131.94 MB used,  134212592.00 MB free, 134217728.00 MB total
[2020.10.20-08.45.03:417][  0]LogWindows: WindowsPlatformFeatures enabled
[2020.10.20-08.45.03:488][  0]LogInit: Physics initialised using underlying interface: PhysX
[2020.10.20-08.45.03:488][  0]LogInit: Using OS detected language (sv-SE).
[2020.10.20-08.45.03:488][  0]LogInit: Using OS detected locale (sv-SE).
[2020.10.20-08.45.03:492][  0]LogTextLocalizationManager: No localization for 'sv-SE' exists, so 'en' will be used for the language.
[2020.10.20-08.45.03:496][  0]LogTextLocalizationManager: No localization for 'sv-SE' exists, so 'en' will be used for the locale.
[2020.10.20-08.45.03:849][  0]LogSlate: New Slate User Created.  User Index 0, Is Virtual User: 0
[2020.10.20-08.45.03:850][  0]LogSlate: Slate User Registered.  User Index 0, Is Virtual User: 0
[2020.10.20-08.45.03:868][  0]LogHMD: Failed to initialize OpenVR with code 110
[2020.10.20-08.45.03:868][  0]LogD3D11RHI: D3D11 min allowed feature level: 11_0
[2020.10.20-08.45.03:868][  0]LogD3D11RHI: D3D11 max allowed feature level: 11_0
[2020.10.20-08.45.03:868][  0]LogD3D11RHI: D3D11 adapters:
[2020.10.20-08.45.04:003][  0]LogD3D11RHI:    0. 'NVIDIA GeForce GTX 1060' (Feature Level 11_0)
[2020.10.20-08.45.04:004][  0]LogD3D11RHI:       6052/0/8169 MB DedicatedVideo/DedicatedSystem/SharedSystem, Outputs:1, VendorId:0x10de
[2020.10.20-08.45.04:006][  0]LogD3D11RHI:    1. 'Microsoft Basic Render Driver' (Feature Level 11_0)
[2020.10.20-08.45.04:006][  0]LogD3D11RHI:       0/0/8169 MB DedicatedVideo/DedicatedSystem/SharedSystem, Outputs:0, VendorId:0x1414
[2020.10.20-08.45.04:006][  0]LogD3D11RHI: Chosen D3D11 Adapter: 0
[2020.10.20-08.45.04:016][  0]LogD3D11RHI: Creating new Direct3DDevice
[2020.10.20-08.45.04:016][  0]LogD3D11RHI:     GPU DeviceId: 0x1c20 (for the marketing name, search the web for "GPU Device Id")
[2020.10.20-08.45.04:016][  0]LogWindows: EnumDisplayDevices:
[2020.10.20-08.45.04:016][  0]LogWindows:    0. 'NVIDIA GeForce GTX 1060' (P:1 D:1)
[2020.10.20-08.45.04:017][  0]LogWindows:    1. 'NVIDIA GeForce GTX 1060' (P:0 D:0)
[2020.10.20-08.45.04:017][  0]LogWindows:    2. 'NVIDIA GeForce GTX 1060' (P:0 D:0)
[2020.10.20-08.45.04:017][  0]LogWindows:    3. 'NVIDIA GeForce GTX 1060' (P:0 D:0)
[2020.10.20-08.45.04:018][  0]LogWindows: DebugString: FoundDriverCount:4 
[2020.10.20-08.45.04:018][  0]LogD3D11RHI:     Adapter Name: NVIDIA GeForce GTX 1060
[2020.10.20-08.45.04:018][  0]LogD3D11RHI:   Driver Version: 452.06 (internal:27.21.14.5206, unified:452.06)
[2020.10.20-08.45.04:018][  0]LogD3D11RHI:      Driver Date: 8-12-2020
[2020.10.20-08.45.04:018][  0]LogRHI: Texture pool is 4236 MB (70% of 6052 MB)
[2020.10.20-08.45.04:112][  0]LogD3D11RHI: RHI has support for 64 bit atomics
[2020.10.20-08.45.04:112][  0]LogD3D11RHI: Async texture creation enabled
[2020.10.20-08.45.04:112][  0]LogD3D11RHI: Array index from any shader is supported
[2020.10.20-08.45.04:134][  0]LogD3D11RHI: GPU Timing Frequency: 1000.000000 (Debug: 2 1)
[2020.10.20-08.45.06:112][  0]LogTargetPlatformManager: Display: Loaded TargetPlatform 'WindowsNoEditor'
[2020.10.20-08.45.06:116][  0]LogTargetPlatformManager: Display: Loaded TargetPlatform 'Windows'
[2020.10.20-08.45.06:127][  0]LogTargetPlatformManager: Display: Loaded TargetPlatform 'WindowsClient'
[2020.10.20-08.45.06:138][  0]LogTargetPlatformManager: Display: Loaded TargetPlatform 'WindowsServer'
[2020.10.20-08.45.06:138][  0]LogTargetPlatformManager: Display: Building Assets For Windows
[2020.10.20-08.45.06:142][  0]LogAudioDebug: Display: Lib vorbis DLL was dynamically loaded.
[2020.10.20-08.45.06:182][  0]LogShaderCompilers: Guid format shader working directory is -36 characters bigger than the processId version (../../../../../../Users/Olle/Documents/Game Projects/PROJ_Grupp2/HideNSneakUnreal/Intermediate/Shaders/WorkingDirectory/3904/).
[2020.10.20-08.45.06:182][  0]LogShaderCompilers: Cleaned the shader compiler working directory 'C:/Users/Olle/AppData/Local/Temp/UnrealShaderWorkingDir/E4D24B684103716B3237638EB74C3FC4/'.
[2020.10.20-08.45.06:184][  0]LogXGEController: Cannot use XGE Controller as Incredibuild is not installed on this machine.
[2020.10.20-08.45.06:184][  0]LogShaderCompilers: Cannot use XGE Shader Compiler as Incredibuild is not installed on this machine.
[2020.10.20-08.45.06:184][  0]LogShaderCompilers: Display: Using Local Shader Compiler.
[2020.10.20-08.45.07:639][  0]LogDerivedDataCache: Display: Max Cache Size: 512 MB
[2020.10.20-08.45.07:760][  0]LogDerivedDataCache: Loaded boot cache 0.12s 76MB C:/Users/Olle/AppData/Local/UnrealEngine/4.25/DerivedDataCache/Boot.ddc.
[2020.10.20-08.45.07:760][  0]LogDerivedDataCache: Display: Loaded Boot cache: C:/Users/Olle/AppData/Local/UnrealEngine/4.25/DerivedDataCache/Boot.ddc
[2020.10.20-08.45.07:760][  0]LogDerivedDataCache: FDerivedDataBackendGraph:  Pak pak cache file ../../../../../../Users/Olle/Documents/Game Projects/PROJ_Grupp2/HideNSneakUnreal/DerivedDataCache/DDC.ddp not found, will not use a pak cache.
[2020.10.20-08.45.07:761][  0]LogDerivedDataCache: Unable to find inner node Pak for hierarchical cache Hierarchy.
[2020.10.20-08.45.07:762][  0]LogDerivedDataCache: FDerivedDataBackendGraph:  CompressedPak pak cache file ../../../../../../Users/Olle/Documents/Game Projects/PROJ_Grupp2/HideNSneakUnreal/DerivedDataCache/Compressed.ddp not found, will not use a pak cache.
[2020.10.20-08.45.07:762][  0]LogDerivedDataCache: Unable to find inner node CompressedPak for hierarchical cache Hierarchy.
[2020.10.20-08.45.07:780][  0]LogDerivedDataCache: Display: Pak cache opened for reading ../../../Engine/DerivedDataCache/Compressed.ddp.
[2020.10.20-08.45.07:780][  0]LogDerivedDataCache: FDerivedDataBackendGraph:  EnterprisePak pak cache file ../../../Enterprise/DerivedDataCache/Compressed.ddp not found, will not use a pak cache.
[2020.10.20-08.45.07:780][  0]LogDerivedDataCache: Unable to find inner node EnterprisePak for hierarchical cache Hierarchy.
[2020.10.20-08.45.07:863][  0]LogDerivedDataCache: Using Local data cache path C:/Users/Olle/AppData/Local/UnrealEngine/Common/DerivedDataCache: Writable
[2020.10.20-08.45.07:863][  0]LogDerivedDataCache: Shared data cache path not found in *engine.ini, will not use an Shared cache.
[2020.10.20-08.45.07:863][  0]LogDerivedDataCache: Unable to find inner node Shared for hierarchical cache Hierarchy.
[2020.10.20-08.45.07:953][  0]LogSlate: Using FreeType 2.10.0
[2020.10.20-08.45.07:953][  0]LogSlate: SlateFontServices - WITH_FREETYPE: 1, WITH_HARFBUZZ: 1
[2020.10.20-08.45.08:196][  0]LogInit: Using OS detected language (sv-SE).
[2020.10.20-08.45.08:196][  0]LogInit: Using OS detected locale (sv-SE).
[2020.10.20-08.45.08:196][  0]LogTextLocalizationManager: No localization for 'sv-SE' exists, so 'en' will be used for the language.
[2020.10.20-08.45.08:196][  0]LogTextLocalizationManager: No localization for 'sv-SE' exists, so 'en' will be used for the locale.
[2020.10.20-08.45.08:198][  0]LogTextLocalizationManager: Compacting localization data took   0.00ms
[2020.10.20-08.45.08:201][  0]LogAssetRegistry: FAssetRegistry took 0.0025 seconds to start up
[2020.10.20-08.45.08:492][  0]LogPackageLocalizationCache: Processed 19 localized package path(s) for 1 prioritized culture(s) in 0.001434 seconds
[2020.10.20-08.45.08:571][  0]LogInit: Selected Device Profile: [Windows]
[2020.10.20-08.45.08:707][  0]LogMeshReduction: Using QuadricMeshReduction for automatic static mesh reduction
[2020.10.20-08.45.08:707][  0]LogMeshReduction: Using SimplygonMeshReduction for automatic skeletal mesh reduction
[2020.10.20-08.45.08:707][  0]LogMeshReduction: Using ProxyLODMeshReduction for automatic mesh merging
[2020.10.20-08.45.08:707][  0]LogMeshReduction: No distributed automatic mesh merging module available
[2020.10.20-08.45.08:707][  0]LogMeshMerging: No distributed automatic mesh merging module available
[2020.10.20-08.45.08:726][  0]LogNetVersion: HideNSneakUnreal 1.0.0, NetCL: 13144385, EngineNetVer: 14, GameNetVer: 0 (Checksum: 3367979030)
[2020.10.20-08.45.09:129][  0]LogAISub: UAISubsystem::UAISubsystem AISubsystem (0000025B514287C0), frame # 0
[2020.10.20-08.45.09:129][  0]LogAISub: UAISubsystem::UAISubsystem AIPerceptionSystem (0000025B513AC400), frame # 0
[2020.10.20-08.45.09:132][  0]LogAISub: UAISubsystem::UAISubsystem EnvQueryManager (0000025B513D9C00), frame # 0
[2020.10.20-08.45.09:498][  0]LogCollectionManager: Loaded 0 collections in 0.002849 seconds
[2020.10.20-08.45.09:511][  0]LogFileCache: Scanning file cache for directory 'C:/Users/Olle/Documents/Game Projects/PROJ_Grupp2/HideNSneakUnreal/Saved/Collections/' took 0.01s
[2020.10.20-08.45.09:511][  0]LogFileCache: Scanning file cache for directory 'C:/Users/Olle/Documents/Game Projects/PROJ_Grupp2/HideNSneakUnreal/Content/Developers/Olle/Collections/' took 0.01s
[2020.10.20-08.45.09:511][  0]LogFileCache: Scanning file cache for directory 'C:/Users/Olle/Documents/Game Projects/PROJ_Grupp2/HideNSneakUnreal/Content/Collections/' took 0.00s
[2020.10.20-08.45.09:511][  0]LogCollectionManager: Fixed up redirectors for 0 collections in 0.000004 seconds (updated 0 objects)
[2020.10.20-08.45.09:546][  0]LogMoviePlayer: Initializing movie player
[2020.10.20-08.45.09:704][  0]LogTcpMessaging: Initializing TcpMessaging bridge
[2020.10.20-08.45.09:709][  0]LogUdpMessaging: Initializing bridge on interface 0.0.0.0:0 to multicast group 230.0.0.1:6666.
[2020.10.20-08.45.09:756][  0]SourceControl: Source control is disabled
[2020.10.20-08.45.09:756][  0]SourceControl: Source control is disabled
[2020.10.20-08.45.09:759][  0]SourceControl: Source control is disabled
[2020.10.20-08.45.09:853][  0]LogAndroidPermission: UAndroidPermissionCallbackProxy::GetInstance
[2020.10.20-08.45.09:861][  0]LogAudioCaptureCore: Display: No Audio Capture implementations found. Audio input will be silent.
[2020.10.20-08.45.09:861][  0]LogAudioCaptureCore: Display: No Audio Capture implementations found. Audio input will be silent.
[2020.10.20-08.45.09:908][  0]LogOcInput: OculusInput pre-init called
[2020.10.20-08.45.09:925][  0]LogUObjectArray: 19269 objects as part of root set at end of initial load.
[2020.10.20-08.45.09:925][  0]LogUObjectAllocator: 5079872 out of 0 bytes used by permanent object pool.
[2020.10.20-08.45.09:925][  0]LogUObjectArray: CloseDisregardForGC: 0/0 objects in disregard for GC pool
[2020.10.20-08.45.09:982][  0]LogEngine: Initializing Engine...
[2020.10.20-08.45.09:984][  0]LogHMD: Failed to initialize OpenVR with code 110
[2020.10.20-08.45.09:984][  0]LogMagicLeap: Warning: VR disabled because ZI is not enabled.  To enable, in the editor, Edit -> Project Settings -> Plugins -> Magic Leap Plugin -> Enable Zero Iteration
[2020.10.20-08.45.10:091][  0]LogStats: UGameplayTagsManager::InitializeManager -  0.000 s
[2020.10.20-08.45.10:255][  0]LogInit: Initializing FReadOnlyCVARCache
[2020.10.20-08.45.10:257][  0]LogAudioMixer: Display: Audio Mixer Platform Settings:
[2020.10.20-08.45.10:257][  0]LogAudioMixer: Display: 	Sample Rate:						  48000
[2020.10.20-08.45.10:257][  0]LogAudioMixer: Display: 	Callback Buffer Frame Size Requested: 1024
[2020.10.20-08.45.10:257][  0]LogAudioMixer: Display: 	Callback Buffer Frame Size To Use:	  1024
[2020.10.20-08.45.10:257][  0]LogAudioMixer: Display: 	Number of buffers to queue:			  2
[2020.10.20-08.45.10:257][  0]LogAudioMixer: Display: 	Max Channels (voices):				  32
[2020.10.20-08.45.10:257][  0]LogAudioMixer: Display: 	Number of Async Source Workers:		  0
[2020.10.20-08.45.10:257][  0]LogAudio: Display: AudioDevice MaxSources: 32
[2020.10.20-08.45.10:258][  0]LogAudio: Display: Using built-in audio occlusion.
[2020.10.20-08.45.10:258][  0]LogAudioMixer: Display: Initializing audio mixer.
[2020.10.20-08.45.10:445][  0]LogAudioMixer: Display: 0: FrontLeft
[2020.10.20-08.45.10:446][  0]LogAudioMixer: Display: 1: FrontRight
[2020.10.20-08.45.10:542][  0]LogAudioMixer: Display: Using Audio Device Hörlurar på headset (HyperX Virtual Surround Sound)
[2020.10.20-08.45.10:543][  0]LogAudioMixer: Display: Initializing Sound Submixes...
[2020.10.20-08.45.10:545][  0]LogAudioMixer: Display: Creating Master Submix 'MasterSubmixDefault'
[2020.10.20-08.45.10:545][  0]LogAudioMixer: Display: Creating Master Submix 'MasterReverbSubmixDefault'
[2020.10.20-08.45.10:546][  0]LogAudioMixer: Display: Creating Master Submix 'MasterEQSubmixDefault'
[2020.10.20-08.45.10:549][  0]LogInit: FAudioDevice initialized.
[2020.10.20-08.45.10:752][  0]LogNetVersion: Set ProjectVersion to 1.0.0.0. Version Checksum will be recalculated on next use.
[2020.10.20-08.45.10:753][  0]LogInit: Texture streaming: Enabled
[2020.10.20-08.45.10:960][  0]LogSlate: Updating window title bar state: overlay mode, drag disabled, window buttons hidden, title bar hidden
[2020.10.20-08.45.10:961][  0]LogInit: Display: Game Engine Initialized.
[2020.10.20-08.45.10:962][  0]LogNiagaraEditor: Warning: GEditor isn't valid! Particle reset commands will not work for Niagara components!
[2020.10.20-08.45.10:991][  0]LogInit: Display: Starting Game.
[2020.10.20-08.45.10:992][  0]LogNet: Browse: /Game/Maps/Menu?Name=Player?Listen
[2020.10.20-08.45.10:992][  0]LogLoad: LoadMap: /Game/Maps/Menu?Name=Player?Listen
[2020.10.20-08.45.10:992][  0]LogWorld: BeginTearingDown for /Temp/Untitled_0
[2020.10.20-08.45.11:002][  0]LogWorld: UWorld::CleanupWorld for Untitled, bSessionEnded=true, bCleanupResources=true
[2020.10.20-08.45.11:002][  0]LogSlate: InvalidateAllWidgets triggered.  All widgets were invalidated
[2020.10.20-08.45.18:414][  0]LogUObjectHash: Compacting FUObjectHashTables data took   0.94ms
[2020.10.20-08.45.18:663][  0]LogAIModule: Creating AISystem for world Menu
[2020.10.20-08.45.18:664][  0]LogAISub: UAISubsystem::UAISubsystem EnvQueryManager (0000025B5415FC00), frame # 0
[2020.10.20-08.45.18:664][  0]LogAISub: UAISubsystem::UAISubsystem AIPerceptionSystem (0000025B544D34C0), frame # 0
[2020.10.20-08.45.18:759][  0]LogGameplayTags: Warning: Invalid GameplayTag Hider found while loading /Game/ThirdPersonBP/Blueprints/ThirdPersonCharacter.Default__ThirdPersonCharacter_C in property /Game/ThirdPersonBP/Blueprints/ThirdPersonCharacter.ThirdPersonCharacter_C:OwnedTags.
[2020.10.20-08.45.19:564][  0]LogLoad: Game class is 'ThirdPersonGameMode_C'
[2020.10.20-08.45.19:565][  0]LogOnline: OSS: Creating online subsystem instance for: STEAM
[2020.10.20-08.45.19:565][  0]LogOnline: Warning: STEAM: Steam API disabled!
[2020.10.20-08.45.19:565][  0]LogOnline: Display: STEAM: OnlineSubsystemSteam::Shutdown()
[2020.10.20-08.45.19:567][  0]LogNet: ReplicationDriverClass is null! Not using ReplicationDriver.
[2020.10.20-08.45.19:567][  0]LogNetCore: DDoS detection status: detection enabled: 0 analytics enabled: 0
[2020.10.20-08.45.19:569][  0]LogInit: WinSock: Socket queue. Rx: 131072 (config 131072) Tx: 131072 (config 131072)
[2020.10.20-08.45.19:569][  0]LogNet: Created socket for bind address: 0.0.0.0 on port 17777
[2020.10.20-08.45.19:569][  0]PacketHandlerLog: Loaded PacketHandler component: Engine.EngineHandlerComponentFactory (StatelessConnectHandlerComponent)
[2020.10.20-08.45.19:570][  0]LogNet: GameNetDriver IpNetDriver_0 IpNetDriver listening on port 17777
[2020.10.20-08.45.19:578][  0]LogWorld: Bringing World /Game/Maps/Menu.Menu up for play (max tick rate 0) at 2020.10.20-10.45.19
[2020.10.20-08.45.19:579][  0]LogWorld: Bringing up level for play took: 0.005902
[2020.10.20-08.45.19:580][  0]LogOnlineSession: Warning: OSS: No game present to join for session (GameSession)
[2020.10.20-08.45.19:593][  0]LogBlueprintUserMessages: [ThirdPersonCharacter_C_0] Amount of hiders: 1
[2020.10.20-08.45.19:594][  0]LogLoad: Took 8.601679 seconds to LoadMap(/Game/Maps/Menu)
[2020.10.20-08.45.19:639][  0]LogSlate: Took 0.000179 seconds to synchronously load lazily loaded font '../../../Engine/Content/Slate/Fonts/Roboto-Regular.ttf' (155K)
[2020.10.20-08.45.19:659][  0]LogRenderer: Reallocating scene render targets to support 1280x720 Format 10 NumSamples 1 (Frame:1).
[2020.10.20-08.45.19:659][  0]LogLoad: (Engine Initialization) Total time: 19.92 seconds
[2020.10.20-08.45.19:659][  0]LogLoad: (Engine Initialization) Total Blueprint compile time: 0.00 seconds
[2020.10.20-08.45.19:814][  0]LogContentStreaming: Texture pool size now 1000 MB
[2020.10.20-08.45.19:871][  1]LogAudio: Display: Waited 35.633900 ms for audio thread.
[2020.10.20-08.45.19:918][  1]LogAudio: Display: Waited 82.961700 ms for audio thread.
[2020.10.20-08.45.19:931][  1]LogAudio: Display: Waited 96.561501 ms for audio thread.
[2020.10.20-08.45.20:774][  2]LogNet: NotifyAcceptingConnection accepted from: 127.0.0.1:58743
[2020.10.20-08.45.20:774][  2]LogHandshake: SendConnectChallenge. Timestamp: 0.963892, Cookie: 098049123255225042080172031158159116251182057060036005119236
[2020.10.20-08.45.20:774][  2]LogNet: NotifyAcceptingConnection accepted from: 127.0.0.1:58742
[2020.10.20-08.45.20:774][  2]LogHandshake: SendConnectChallenge. Timestamp: 0.963892, Cookie: 198186029106202165168031075233059186158135113001076070065101
[2020.10.20-08.45.20:774][  2]LogNet: NotifyAcceptingConnection accepted from: 127.0.0.1:60257
[2020.10.20-08.45.20:774][  2]LogHandshake: SendConnectChallenge. Timestamp: 0.963892, Cookie: 140110115055080234000046223172165050074047043201048160001155
[2020.10.20-08.45.20:795][  3]LogNet: NotifyAcceptingConnection accepted from: 127.0.0.1:60257
[2020.10.20-08.45.20:795][  3]LogHandshake: SendChallengeAck. InCookie: 140110115055080234000046223172165050074047043201048160001155
[2020.10.20-08.45.20:795][  3]LogNet: Server accepting post-challenge connection from: 127.0.0.1:60257
[2020.10.20-08.45.20:796][  3]PacketHandlerLog: Loaded PacketHandler component: Engine.EngineHandlerComponentFactory (StatelessConnectHandlerComponent)
[2020.10.20-08.45.20:796][  3]LogNet: NotifyAcceptedConnection: Name: Menu, TimeStamp: 10/20/20 10:45:20, [UNetConnection] RemoteAddr: 127.0.0.1:60257, Name: IpConnection_0, Driver: GameNetDriver IpNetDriver_0, IsServer: YES, PC: NULL, Owner: NULL, UniqueId: INVALID
[2020.10.20-08.45.20:796][  3]LogNet: AddClientConnection: Added client connection: [UNetConnection] RemoteAddr: 127.0.0.1:60257, Name: IpConnection_0, Driver: GameNetDriver IpNetDriver_0, IsServer: YES, PC: NULL, Owner: NULL, UniqueId: INVALID
[2020.10.20-08.45.20:796][  3]LogNet: NotifyAcceptingConnection accepted from: 127.0.0.1:58743
[2020.10.20-08.45.20:796][  3]LogHandshake: SendChallengeAck. InCookie: 098049123255225042080172031158159116251182057060036005119236
[2020.10.20-08.45.20:796][  3]LogNet: Server accepting post-challenge connection from: 127.0.0.1:58743
[2020.10.20-08.45.20:796][  3]PacketHandlerLog: Loaded PacketHandler component: Engine.EngineHandlerComponentFactory (StatelessConnectHandlerComponent)
[2020.10.20-08.45.20:796][  3]LogNet: NotifyAcceptedConnection: Name: Menu, TimeStamp: 10/20/20 10:45:20, [UNetConnection] RemoteAddr: 127.0.0.1:58743, Name: IpConnection_1, Driver: GameNetDriver IpNetDriver_0, IsServer: YES, PC: NULL, Owner: NULL, UniqueId: INVALID
[2020.10.20-08.45.20:796][  3]LogNet: AddClientConnection: Added client connection: [UNetConnection] RemoteAddr: 127.0.0.1:58743, Name: IpConnection_1, Driver: GameNetDriver IpNetDriver_0, IsServer: YES, PC: NULL, Owner: NULL, UniqueId: INVALID
[2020.10.20-08.45.20:817][  5]LogNet: NotifyAcceptingChannel Control 0 server World /Game/Maps/Menu.Menu: Accepted
[2020.10.20-08.45.20:817][  5]LogNet: Remote platform little endian=1
[2020.10.20-08.45.20:817][  5]LogNet: This platform little endian=1
[2020.10.20-08.45.20:817][  5]LogNetVersion: HideNSneakUnreal 1.0.0.0, NetCL: 13144385, EngineNetVer: 14, GameNetVer: 0 (Checksum: 4008563563)
[2020.10.20-08.45.20:817][  5]LogNet: NotifyAcceptingChannel Control 0 server World /Game/Maps/Menu.Menu: Accepted
[2020.10.20-08.45.20:817][  5]LogNet: Remote platform little endian=1
[2020.10.20-08.45.20:817][  5]LogNet: This platform little endian=1
[2020.10.20-08.45.20:829][  7]LogNet: Login request: ?Name=DESKTOP-Q35ATQN-08BF38A646CE50AF38E97C9FAF4327C8 userId: NULL:DESKTOP-Q35ATQN-08BF38A646CE50AF38E97C9FAF4327C8 platform: NULL
[2020.10.20-08.45.20:829][  7]LogNet: Login request: ?Name=DESKTOP-Q35ATQN-1FE8B06C4B66B8EFC3F8D69DC8431820 userId: NULL:DESKTOP-Q35ATQN-1FE8B06C4B66B8EFC3F8D69DC8431820 platform: NULL
[2020.10.20-08.45.21:189][ 70]LogAudio: Display: Waited 59.370499 ms for audio thread.
[2020.10.20-08.45.21:189][ 71]LogNet: Client netspeed is 10000
[2020.10.20-08.45.21:189][ 71]LogNet: Join request: /Game/ThirdPersonBP/Maps/ThirdPersonExampleMap?Name=DESKTOP-Q35ATQN-08BF38A646CE50AF38E97C9FAF4327C8?SplitscreenCount=1
[2020.10.20-08.45.21:190][ 71]LogOnlineSession: Warning: OSS: No game present to join for session (GameSession)
[2020.10.20-08.45.21:193][ 71]LogBlueprintUserMessages: [ThirdPersonCharacter_C_1] Amount of hiders: 2
[2020.10.20-08.45.21:193][ 71]LogNet: Join succeeded: DESKTOP-Q35ATQN-08BF
[2020.10.20-08.45.21:193][ 71]LogNet: Client netspeed is 10000
[2020.10.20-08.45.21:193][ 71]LogNet: Join request: /Game/ThirdPersonBP/Maps/ThirdPersonExampleMap?Name=DESKTOP-Q35ATQN-1FE8B06C4B66B8EFC3F8D69DC8431820?SplitscreenCount=1
[2020.10.20-08.45.21:194][ 71]LogOnlineSession: Warning: OSS: No game present to join for session (GameSession)
[2020.10.20-08.45.21:195][ 71]LogBlueprintUserMessages: [ThirdPersonCharacter_C_2] Amount of hiders: 3
[2020.10.20-08.45.21:195][ 71]LogBlueprintUserMessages: [ThirdPersonCharacter_C_2] ThirdPersonCharacter
[2020.10.20-08.45.21:195][ 71]LogScript: Warning: Script Msg: Attempted to access index 3 from array 'CallFunc_GetAllActorsWithTag_OutActors' of length 3 in '/Game/ThirdPersonBP/Blueprints/ThirdPersonCharacter.ThirdPersonCharacter_C:ExecuteUbergraph_ThirdPersonCharacter'!
[2020.10.20-08.45.21:195][ 71]LogScript: Warning: Accessed None trying to read property CallFunc_Array_Get_Item
	ThirdPersonCharacter_C /Game/Maps/Menu.Menu:PersistentLevel.ThirdPersonCharacter_C_2
	Function /Game/ThirdPersonBP/Blueprints/ThirdPersonCharacter.ThirdPersonCharacter_C:ExecuteUbergraph_ThirdPersonCharacter:080D
[2020.10.20-08.45.21:195][ 71]LogScript: Warning: Script call stack:
	Function /Game/ThirdPersonBP/Blueprints/ThirdPersonCharacter.ThirdPersonCharacter_C:ReceiveBeginPlay
	Function /Game/ThirdPersonBP/Blueprints/ThirdPersonCharacter.ThirdPersonCharacter_C:ExecuteUbergraph_ThirdPersonCharacter

[2020.10.20-08.45.21:195][ 71]LogScript: Warning: Attempted to assign to None
	ThirdPersonCharacter_C /Game/Maps/Menu.Menu:PersistentLevel.ThirdPersonCharacter_C_2
	Function /Game/ThirdPersonBP/Blueprints/ThirdPersonCharacter.ThirdPersonCharacter_C:ExecuteUbergraph_ThirdPersonCharacter:0822
[2020.10.20-08.45.21:195][ 71]LogScript: Warning: Script call stack:
	Function /Game/ThirdPersonBP/Blueprints/ThirdPersonCharacter.ThirdPersonCharacter_C:ReceiveBeginPlay
	Function /Game/ThirdPersonBP/Blueprints/ThirdPersonCharacter.ThirdPersonCharacter_C:ExecuteUbergraph_ThirdPersonCharacter

[2020.10.20-08.45.21:196][ 71]LogNet: Join succeeded: DESKTOP-Q35ATQN-1FE8
[2020.10.20-08.45.38:258][439]LogNet: UChannel::ReceivedSequencedBunch: Bunch.bClose == true. ChIndex == 0. Calling ConditionalCleanUp.
[2020.10.20-08.45.38:258][439]LogNet: UChannel::CleanUp: ChIndex == 0. Closing connection. [UChannel] ChIndex: 0, Closing: 0 [UNetConnection] RemoteAddr: 127.0.0.1:58743, Name: IpConnection_1, Driver: GameNetDriver IpNetDriver_0, IsServer: YES, PC: PlayerController_1, Owner: PlayerController_1, UniqueId: NULL:DESKTOP-Q35ATQN-08BF38A646CE50AF38E97C9FAF4327C8
[2020.10.20-08.45.38:258][439]LogNet: UNetConnection::Close: [UNetConnection] RemoteAddr: 127.0.0.1:58743, Name: IpConnection_1, Driver: GameNetDriver IpNetDriver_0, IsServer: YES, PC: PlayerController_1, Owner: PlayerController_1, UniqueId: NULL:DESKTOP-Q35ATQN-08BF38A646CE50AF38E97C9FAF4327C8, Channels: 13, Time: 2020.10.20-08.45.38
[2020.10.20-08.45.38:258][439]LogNet: UChannel::Close: Sending CloseBunch. ChIndex == 0. Name: [UChannel] ChIndex: 0, Closing: 0 [UNetConnection] RemoteAddr: 127.0.0.1:58743, Name: IpConnection_1, Driver: GameNetDriver IpNetDriver_0, IsServer: YES, PC: PlayerController_1, Owner: PlayerController_1, UniqueId: NULL:DESKTOP-Q35ATQN-08BF38A646CE50AF38E97C9FAF4327C8
[2020.10.20-08.45.38:258][439]LogOnlineSession: Warning: OSS: No game present to leave for session (GameSession)
[2020.10.20-08.45.41:620][877]LogSlate: Window 'HideNSneakUnreal (64-bit Development PCD3D_SM5) ' being destroyed
[2020.10.20-08.45.41:621][877]LogWindowsTextInputMethodSystem: Display: IME system now deactivated.
[2020.10.20-08.45.41:624][878]LogOnlineSession: Warning: OSS: No game present to leave for session (GameSession)
[2020.10.20-08.45.41:624][878]LogSlate: Updating window title bar state: overlay mode, drag disabled, window buttons hidden, title bar hidden
[2020.10.20-08.45.41:624][878]LogEngine: All Windows Closed
[2020.10.20-08.45.41:624][878]LogWindows: FPlatformMisc::RequestExit(0)
[2020.10.20-08.45.41:624][878]LogCore: Engine exit requested (reason: Win RequestExit)
[2020.10.20-08.45.41:624][879]LogCore: Engine exit requested (reason: EngineExit() was called; note: exit was already requested)
[2020.10.20-08.45.41:629][879]LogAudio: Display: Shutting down audio device while 2 references to it are still alive. For more information, compile with INSTRUMENT_AUDIODEVICE_HANDLES.
[2020.10.20-08.45.41:673][879]LogInit: Display: PreExit Game.
[2020.10.20-08.45.41:745][879]LogWorld: BeginTearingDown for /Game/Maps/Menu
[2020.10.20-08.45.41:745][879]LogNet: World NetDriver shutdown IpNetDriver_0 [GameNetDriver]
[2020.10.20-08.45.41:745][879]LogNet: DestroyNamedNetDriver IpNetDriver_0 [GameNetDriver]
[2020.10.20-08.45.41:746][879]LogNet: UNetConnection::Cleanup: Closing open connection. [UNetConnection] RemoteAddr: 127.0.0.1:60257, Name: IpConnection_0, Driver: GameNetDriver IpNetDriver_0, IsServer: YES, PC: PlayerController_2, Owner: PlayerController_2, UniqueId: NULL:DESKTOP-Q35ATQN-1FE8B06C4B66B8EFC3F8D69DC8431820
[2020.10.20-08.45.41:746][879]LogNet: UNetConnection::Close: [UNetConnection] RemoteAddr: 127.0.0.1:60257, Name: IpConnection_0, Driver: GameNetDriver IpNetDriver_0, IsServer: YES, PC: PlayerController_2, Owner: PlayerController_2, UniqueId: NULL:DESKTOP-Q35ATQN-1FE8B06C4B66B8EFC3F8D69DC8431820, Channels: 11, Time: 2020.10.20-08.45.41
[2020.10.20-08.45.41:746][879]LogNet: UChannel::Close: Sending CloseBunch. ChIndex == 0. Name: [UChannel] ChIndex: 0, Closing: 0 [UNetConnection] RemoteAddr: 127.0.0.1:60257, Name: IpConnection_0, Driver: GameNetDriver IpNetDriver_0, IsServer: YES, PC: PlayerController_2, Owner: PlayerController_2, UniqueId: NULL:DESKTOP-Q35ATQN-1FE8B06C4B66B8EFC3F8D69DC8431820
[2020.10.20-08.45.41:746][879]LogExit: GameNetDriver IpNetDriver_0 shut down
[2020.10.20-08.45.41:746][879]LogWorld: UWorld::CleanupWorld for Menu, bSessionEnded=true, bCleanupResources=true
[2020.10.20-08.45.41:747][879]LogSlate: InvalidateAllWidgets triggered.  All widgets were invalidated
[2020.10.20-08.45.42:155][879]LogExit: Preparing to exit.
[2020.10.20-08.45.42:740][879]LogMoviePlayer: Shutting down movie player
[2020.10.20-08.45.42:946][879]LogSlate: Updating window title bar state: overlay mode, drag disabled, window buttons hidden, title bar hidden
[2020.10.20-08.45.42:948][879]LogDemo: Cleaned up 0 splitscreen connections with owner deletion
[2020.10.20-08.45.42:952][879]LogExit: Game engine shut down
[2020.10.20-08.45.42:964][879]LogAISub: UAISubsystem::~UAISubsystem AISubsystem (0000025B514287C0), frame # 3879
[2020.10.20-08.45.42:964][879]LogAISub: UAISubsystem::~UAISubsystem AIPerceptionSystem (0000025B513AC400), frame # 3879
[2020.10.20-08.45.42:964][879]LogAISub: UAISubsystem::~UAISubsystem EnvQueryManager (0000025B513D9C00), frame # 3879
[2020.10.20-08.45.42:967][879]LogAISub: UAISubsystem::~UAISubsystem EnvQueryManager (0000025B5415FC00), frame # 3879
[2020.10.20-08.45.42:967][879]LogAISub: UAISubsystem::~UAISubsystem AIPerceptionSystem (0000025B544D34C0), frame # 3879
[2020.10.20-08.45.42:991][879]LogExit: Object subsystem successfully closed.
[2020.10.20-08.45.43:006][879]LogShaderCompilers: Display: Shaders left to compile 0
[2020.10.20-08.45.43:026][879]LogModuleManager: Shutting down and abandoning module SequenceRecorderSections (510)
[2020.10.20-08.45.43:026][879]LogModuleManager: Shutting down and abandoning module SequenceRecorder (508)
[2020.10.20-08.45.43:026][879]LogModuleManager: Shutting down and abandoning module AutomationController (506)
[2020.10.20-08.45.43:026][879]LogModuleManager: Shutting down and abandoning module AutomationWorker (504)
[2020.10.20-08.45.43:026][879]LogModuleManager: Shutting down and abandoning module Voice (502)
[2020.10.20-08.45.43:026][879]LogModuleManager: Shutting down and abandoning module AIModule (500)
[2020.10.20-08.45.43:026][879]LogModuleManager: Shutting down and abandoning module GameplayDebugger (499)
[2020.10.20-08.45.43:026][879]LogModuleManager: Shutting down and abandoning module AITestSuite (497)
[2020.10.20-08.45.43:026][879]LogModuleManager: Shutting down and abandoning module NavigationSystem (495)
[2020.10.20-08.45.43:026][879]LogModuleManager: Shutting down and abandoning module OculusMR (492)
[2020.10.20-08.45.43:026][879]LogModuleManager: Shutting down and abandoning module WmfMediaFactory (490)
[2020.10.20-08.45.43:026][879]LogModuleManager: Shutting down and abandoning module WebMMediaFactory (488)
[2020.10.20-08.45.43:026][879]LogModuleManager: Shutting down and abandoning module WebMMedia (486)
[2020.10.20-08.45.43:026][879]LogModuleManager: Shutting down and abandoning module OpenExrWrapper (484)
[2020.10.20-08.45.43:026][879]LogModuleManager: Shutting down and abandoning module ImgMediaFactory (482)
[2020.10.20-08.45.43:026][879]LogModuleManager: Shutting down and abandoning module AvfMediaFactory (480)
[2020.10.20-08.45.43:026][879]LogModuleManager: Shutting down and abandoning module MagicLeapMediaCodecFactory (478)
[2020.10.20-08.45.43:026][879]LogModuleManager: Shutting down and abandoning module MagicLeapMediaFactory (476)
[2020.10.20-08.45.43:026][879]LogModuleManager: Shutting down and abandoning module PlanarCut (474)
[2020.10.20-08.45.43:026][879]LogModuleManager: Shutting down and abandoning module CharacterAI (472)
[2020.10.20-08.45.43:026][879]LogModuleManager: Shutting down and abandoning module SessionServices (470)
[2020.10.20-08.45.43:026][879]LogModuleManager: Shutting down and abandoning module MovieSceneCapture (468)
[2020.10.20-08.45.43:026][879]LogModuleManager: Shutting down and abandoning module LiveCoding (466)
[2020.10.20-08.45.43:026][879]LogModuleManager: Shutting down and abandoning module LevelSequence (464)
[2020.10.20-08.45.43:026][879]LogModuleManager: Shutting down and abandoning module MovieSceneTracks (462)
[2020.10.20-08.45.43:026][879]LogModuleManager: Shutting down and abandoning module MovieScene (460)
[2020.10.20-08.45.43:026][879]LogModuleManager: Shutting down and abandoning module StreamingPauseRendering (458)
[2020.10.20-08.45.43:026][879]LogModuleManager: Shutting down and abandoning module PortalServices (456)
[2020.10.20-08.45.43:026][879]LogModuleManager: Shutting down and abandoning module PortalRpc (454)
[2020.10.20-08.45.43:026][879]LogModuleManager: Shutting down and abandoning module MessagingRpc (452)
[2020.10.20-08.45.43:027][879]LogModuleManager: Shutting down and abandoning module AudioMixerXAudio2 (450)
[2020.10.20-08.45.43:027][879]LogModuleManager: Shutting down and abandoning module AudioMixerCore (449)
[2020.10.20-08.45.43:027][879]LogModuleManager: Shutting down and abandoning module ProfilerService (446)
[2020.10.20-08.45.43:177][879]LogModuleManager: Shutting down and abandoning module TaskGraph (444)
[2020.10.20-08.45.43:177][879]LogModuleManager: Shutting down and abandoning module Synthesis (442)
[2020.10.20-08.45.43:177][879]LogModuleManager: Shutting down and abandoning module ProceduralMeshComponent (440)
[2020.10.20-08.45.43:177][879]LogModuleManager: Shutting down and abandoning module OculusInput (438)
[2020.10.20-08.45.43:177][879]LogModuleManager: Shutting down and abandoning module MobilePatchingUtils (436)
[2020.10.20-08.45.43:177][879]LogModuleManager: Shutting down and abandoning module GooglePAD (434)
[2020.10.20-08.45.43:178][879]LogModuleManager: Shutting down and abandoning module EditableMesh (432)
[2020.10.20-08.45.43:178][879]LogModuleManager: Shutting down and abandoning module CustomMeshComponent (430)
[2020.10.20-08.45.43:178][879]LogModuleManager: Shutting down and abandoning module CableComponent (428)
[2020.10.20-08.45.43:178][879]LogModuleManager: Shutting down and abandoning module AudioCapture (426)
[2020.10.20-08.45.43:178][879]LogModuleManager: Shutting down and abandoning module AudioCaptureRtAudio (425)
[2020.10.20-08.45.43:178][879]LogModuleManager: Shutting down and abandoning module AssetTags (422)
[2020.10.20-08.45.43:178][879]LogModuleManager: Shutting down and abandoning module ArchVisCharacter (420)
[2020.10.20-08.45.43:178][879]LogModuleManager: Shutting down and abandoning module AppleImageUtilsBlueprintSupport (418)
[2020.10.20-08.45.43:178][879]LogModuleManager: Shutting down and abandoning module AppleImageUtils (416)
[2020.10.20-08.45.43:178][879]LogModuleManager: Shutting down and abandoning module AndroidPermission (414)
[2020.10.20-08.45.43:178][879]LogModuleManager: Shutting down and abandoning module NUTUnrealEngine4 (412)
[2020.10.20-08.45.43:178][879]LogModuleManager: Shutting down and abandoning module NetcodeUnitTest (410)
[2020.10.20-08.45.43:178][879]LogModuleManager: Shutting down and abandoning module TemplateSequence (408)
[2020.10.20-08.45.43:178][879]LogModuleManager: Shutting down and abandoning module MovieRenderPipelineRenderPasses (406)
[2020.10.20-08.45.43:178][879]LogModuleManager: Shutting down and abandoning module MovieRenderPipelineSettings (404)
[2020.10.20-08.45.43:178][879]LogModuleManager: Shutting down and abandoning module MovieRenderPipelineCore (402)
[2020.10.20-08.45.43:178][879]LogModuleManager: Shutting down and abandoning module ImageWriteQueue (401)
[2020.10.20-08.45.43:178][879]LogModuleManager: Shutting down and abandoning module MediaCompositing (398)
[2020.10.20-08.45.43:178][879]LogModuleManager: Shutting down and abandoning module ImgMedia (396)
[2020.10.20-08.45.43:178][879]LogModuleManager: Shutting down and abandoning module MagicLeapSharedWorld (394)
[2020.10.20-08.45.43:178][879]LogModuleManager: Shutting down and abandoning module MagicLeapLightEstimation (392)
[2020.10.20-08.45.43:178][879]LogModuleManager: Shutting down and abandoning module MagicLeapHelperVulkan (390)
[2020.10.20-08.45.43:178][879]LogModuleManager: Shutting down and abandoning module MagicLeapHelperOpenGL (388)
[2020.10.20-08.45.43:178][879]LogModuleManager: Shutting down and abandoning module MagicLeapAudio (386)
[2020.10.20-08.45.43:178][879]LogModuleManager: Shutting down and abandoning module MeshSolverUtilities (384)
[2020.10.20-08.45.43:178][879]LogModuleManager: Shutting down and abandoning module MeshConversion (382)
[2020.10.20-08.45.43:178][879]LogModuleManager: Shutting down and abandoning module DynamicMesh (380)
[2020.10.20-08.45.43:178][879]LogModuleManager: Shutting down and abandoning module GeometryAlgorithms (378)
[2020.10.20-08.45.43:178][879]LogModuleManager: Shutting down and abandoning module GeometricObjects (376)
[2020.10.20-08.45.43:178][879]LogModuleManager: Shutting down and abandoning module GeometryCollectionTracks (374)
[2020.10.20-08.45.43:178][879]LogModuleManager: Shutting down and abandoning module GeometryCollectionSequencer (373)
[2020.10.20-08.45.43:178][879]LogModuleManager: Shutting down and abandoning module GeometryCacheTracks (370)
[2020.10.20-08.45.43:178][879]LogModuleManager: Shutting down and abandoning module GeometryCacheSequencer (369)
[2020.10.20-08.45.43:178][879]LogModuleManager: Shutting down and abandoning module GeometryCache (366)
[2020.10.20-08.45.43:178][879]LogModuleManager: Shutting down and abandoning module GeometryCacheEd (365)
[2020.10.20-08.45.43:178][879]LogModuleManager: Shutting down and abandoning module ChaosNiagara (362)
[2020.10.20-08.45.43:178][879]LogModuleManager: Shutting down and abandoning module ChaosCloth (360)
[2020.10.20-08.45.43:178][879]LogModuleManager: Shutting down and abandoning module BackChannel (358)
[2020.10.20-08.45.43:178][879]LogModuleManager: Shutting down and abandoning module AutomationUtils (356)
[2020.10.20-08.45.43:178][879]LogModuleManager: Shutting down and abandoning module VisualStudioSourceCodeAccess (354)
[2020.10.20-08.45.43:179][879]LogModuleManager: Shutting down and abandoning module HotReload (353)
[2020.10.20-08.45.43:179][879]LogModuleManager: Shutting down and abandoning module VisualStudioCodeSourceCodeAccess (350)
[2020.10.20-08.45.43:179][879]LogModuleManager: Shutting down and abandoning module UObjectPlugin (348)
[2020.10.20-08.45.43:179][879]LogModuleManager: Shutting down and abandoning module SubversionSourceControl (346)
[2020.10.20-08.45.43:179][879]LogModuleManager: Shutting down and abandoning module RiderSourceCodeAccess (344)
[2020.10.20-08.45.43:179][879]LogModuleManager: Shutting down and abandoning module PerforceSourceControl (342)
[2020.10.20-08.45.43:179][879]LogModuleManager: Shutting down and abandoning module SourceControl (341)
[2020.10.20-08.45.43:179][879]LogModuleManager: Shutting down and abandoning module CLionSourceCodeAccess (338)
[2020.10.20-08.45.43:179][879]LogModuleManager: Shutting down and abandoning module ActorLayerUtilities (336)
[2020.10.20-08.45.43:179][879]LogModuleManager: Shutting down and abandoning module SoundFields (334)
[2020.10.20-08.45.43:179][879]LogModuleManager: Shutting down and abandoning module SignificanceManager (332)
[2020.10.20-08.45.43:179][879]LogModuleManager: Shutting down and abandoning module RuntimePhysXCooking (330)
[2020.10.20-08.45.43:179][879]LogModuleManager: Shutting down and abandoning module PhysXVehiclesEditor (328)
[2020.10.20-08.45.43:179][879]LogModuleManager: Shutting down and abandoning module LocationServicesBPLibrary (324)
[2020.10.20-08.45.43:179][879]LogModuleManager: Shutting down and abandoning module ActorSequence (322)
[2020.10.20-08.45.43:179][879]LogModuleManager: Shutting down and abandoning module UdpMessaging (320)
[2020.10.20-08.45.43:279][879]LogModuleManager: Shutting down and abandoning module TcpMessaging (318)
[2020.10.20-08.45.43:743][879]LogModuleManager: Shutting down and abandoning module MagicLeapARPin (316)
[2020.10.20-08.45.43:743][879]LogModuleManager: Shutting down and abandoning module MagicLeapHandMeshing (314)
[2020.10.20-08.45.43:743][879]LogModuleManager: Shutting down and abandoning module MagicLeapSecureStorage (312)
[2020.10.20-08.45.43:743][879]LogModuleManager: Shutting down and abandoning module MagicLeapPrivileges (310)
[2020.10.20-08.45.43:743][879]LogModuleManager: Shutting down and abandoning module MagicLeapPlanes (308)
[2020.10.20-08.45.43:743][879]LogMagicLeapPlanes: Planes tracker already destroyed.
[2020.10.20-08.45.43:743][879]LogModuleManager: Shutting down and abandoning module MagicLeapImageTracker (306)
[2020.10.20-08.45.43:743][879]LogModuleManager: Shutting down and abandoning module MagicLeapIdentity (304)
[2020.10.20-08.45.43:743][879]LogModuleManager: Shutting down and abandoning module MagicLeapHandTracking (302)
[2020.10.20-08.45.43:743][879]LogModuleManager: Shutting down and abandoning module MagicLeapEyeTracker (300)
[2020.10.20-08.45.43:743][879]LogModuleManager: Shutting down and abandoning module MagicLeapController (298)
[2020.10.20-08.45.43:743][879]LogSlate: Slate User Destroyed.  User Index 0, Is Virtual User: 0
[2020.10.20-08.45.43:743][879]LogModuleManager: Shutting down and abandoning module MagicLeapARPinImpl (296)
[2020.10.20-08.45.43:743][879]LogModuleManager: Shutting down and abandoning module MagicLeapAR (294)
[2020.10.20-08.45.43:744][879]LogModuleManager: Shutting down and abandoning module AugmentedReality (293)
[2020.10.20-08.45.43:744][879]LogModuleManager: Shutting down and abandoning module NiagaraAnimNotifies (290)
[2020.10.20-08.45.43:744][879]LogModuleManager: Shutting down and abandoning module Niagara (288)
[2020.10.20-08.45.43:744][879]LogModuleManager: Shutting down and abandoning module SignalProcessing (287)
[2020.10.20-08.45.43:744][879]LogModuleManager: Shutting down and abandoning module NiagaraEditor (285)
[2020.10.20-08.45.43:744][879]LogModuleManager: Shutting down and abandoning module NiagaraCore (282)
[2020.10.20-08.45.43:744][879]LogModuleManager: Shutting down and abandoning module GameplayTagsEditor (280)
[2020.10.20-08.45.43:744][879]LogModuleManager: Shutting down and abandoning module FacialAnimation (278)
[2020.10.20-08.45.43:744][879]LogModuleManager: Shutting down and abandoning module AssetManagerEditor (276)
[2020.10.20-08.45.43:744][879]LogModuleManager: Shutting down and abandoning module TreeMap (275)
[2020.10.20-08.45.43:744][879]LogModuleManager: Shutting down and abandoning module AnimationSharing (272)
[2020.10.20-08.45.43:744][879]LogModuleManager: Shutting down and abandoning module LightPropagationVolumeRuntime (270)
[2020.10.20-08.45.43:744][879]LogModuleManager: Shutting down and abandoning module AdvancedSteamSessions (268)
[2020.10.20-08.45.43:744][879]LogModuleManager: Shutting down and abandoning module AdvancedSessions (266)
[2020.10.20-08.45.43:744][879]LogModuleManager: Shutting down and abandoning module Paper2D (264)
[2020.10.20-08.45.43:744][879]LogModuleManager: Shutting down and abandoning module WindowsMoviePlayer (262)
[2020.10.20-08.45.43:745][879]LogModuleManager: Shutting down and abandoning module WebMMoviePlayer (260)
[2020.10.20-08.45.43:745][879]LogModuleManager: Shutting down and abandoning module NetworkReplayStreaming (258)
[2020.10.20-08.45.43:745][879]LogModuleManager: Shutting down and abandoning module PacketHandler (256)
[2020.10.20-08.45.43:745][879]LogModuleManager: Shutting down and abandoning module ClothingSystemEditor (254)
[2020.10.20-08.45.43:745][879]LogModuleManager: Shutting down and abandoning module ClothingSystemRuntimeNv (252)
[2020.10.20-08.45.43:745][879]LogModuleManager: Shutting down and abandoning module MediaAssets (250)
[2020.10.20-08.45.43:745][879]LogModuleManager: Shutting down and abandoning module Overlay (248)
[2020.10.20-08.45.43:745][879]LogModuleManager: Shutting down and abandoning module OverlayEditor (247)
[2020.10.20-08.45.43:745][879]LogModuleManager: Shutting down and abandoning module VREditor (244)
[2020.10.20-08.45.43:745][879]LogModuleManager: Shutting down and abandoning module StringTableEditor (242)
[2020.10.20-08.45.43:745][879]LogModuleManager: Shutting down and abandoning module GameplayTasksEditor (240)
[2020.10.20-08.45.43:745][879]LogModuleManager: Shutting down and abandoning module BehaviorTreeEditor (238)
[2020.10.20-08.45.43:745][879]LogModuleManager: Shutting down and abandoning module FunctionalTesting (236)
[2020.10.20-08.45.43:745][879]LogModuleManager: Shutting down and abandoning module CollisionAnalyzer (234)
[2020.10.20-08.45.43:745][879]LogModuleManager: Shutting down and abandoning module UMG (232)
[2020.10.20-08.45.43:745][879]LogModuleManager: Shutting down and abandoning module UMGEditor (231)
[2020.10.20-08.45.43:745][879]LogModuleManager: Shutting down and abandoning module Sequencer (230)
[2020.10.20-08.45.43:745][879]LogModuleManager: Shutting down and abandoning module MessageLog (227)
[2020.10.20-08.45.43:745][879]LogModuleManager: Shutting down and abandoning module MaterialEditor (225)
[2020.10.20-08.45.43:745][879]LogModuleManager: Shutting down and abandoning module ContentBrowser (224)
[2020.10.20-08.45.43:745][879]LogModuleManager: Shutting down and abandoning module WorkspaceMenuStructure (223)
[2020.10.20-08.45.43:745][879]LogModuleManager: Shutting down and abandoning module CollectionManager (221)
[2020.10.20-08.45.43:745][879]LogModuleManager: Shutting down and abandoning module DirectoryWatcher (220)
[2020.10.20-08.45.43:745][879]LogModuleManager: Shutting down and abandoning module SlateReflector (212)
[2020.10.20-08.45.43:745][879]LogModuleManager: Shutting down and abandoning module Slate (210)
[2020.10.20-08.45.43:745][879]LogModuleManager: Shutting down and abandoning module SlateCore (208)
[2020.10.20-08.45.43:745][879]LogModuleManager: Shutting down and abandoning module LandscapeEditorUtilities (206)
[2020.10.20-08.45.43:745][879]LogModuleManager: Shutting down and abandoning module EditorStyle (204)
[2020.10.20-08.45.43:746][879]LogModuleManager: Shutting down and abandoning module UnrealEd (202)
[2020.10.20-08.45.43:746][879]LogModuleManager: Shutting down and abandoning module MRMesh (200)
[2020.10.20-08.45.43:746][879]LogModuleManager: Shutting down and abandoning module Messaging (198)
[2020.10.20-08.45.43:746][879]LogModuleManager: Shutting down and abandoning module SourceCodeAccess (196)
[2020.10.20-08.45.43:746][879]LogModuleManager: Shutting down and abandoning module HeadMountedDisplay (194)
[2020.10.20-08.45.43:746][879]LogModuleManager: Shutting down and abandoning module XAudio2 (192)
[2020.10.20-08.45.43:746][879]LogModuleManager: Shutting down and abandoning module Networking (190)
[2020.10.20-08.45.43:746][879]LogModuleManager: Shutting down and abandoning module Core (188)
[2020.10.20-08.45.43:746][879]LogModuleManager: Shutting down and abandoning module MovieSceneTools (186)
[2020.10.20-08.45.43:746][879]LogModuleManager: Shutting down and abandoning module KismetCompiler (184)
[2020.10.20-08.45.43:746][879]LogModuleManager: Shutting down and abandoning module MeshBuilder (182)
[2020.10.20-08.45.43:746][879]LogModuleManager: Shutting down and abandoning module MeshUtilities (180)
[2020.10.20-08.45.43:746][879]LogModuleManager: Shutting down and abandoning module MeshMergeUtilities (179)
[2020.10.20-08.45.43:746][879]LogModuleManager: Shutting down and abandoning module MeshReductionInterface (178)
[2020.10.20-08.45.43:746][879]LogModuleManager: Shutting down and abandoning module MeshBoneReduction (177)
[2020.10.20-08.45.43:746][879]LogModuleManager: Shutting down and abandoning module SkeletalMeshReduction (175)
[2020.10.20-08.45.43:746][879]LogModuleManager: Shutting down and abandoning module ProxyLODMeshReduction (173)
[2020.10.20-08.45.43:746][879]LogModuleManager: Shutting down and abandoning module QuadricMeshReduction (171)
[2020.10.20-08.45.43:747][879]LogModuleManager: Shutting down and abandoning module MaterialBaking (167)
[2020.10.20-08.45.43:747][879]LogModuleManager: Shutting down and abandoning module NullInstallBundleManager (162)
[2020.10.20-08.45.43:747][879]LogModuleManager: Shutting down and abandoning module PIEPreviewDeviceProfileSelector (160)
[2020.10.20-08.45.43:747][879]LogModuleManager: Shutting down and abandoning module DerivedDataCache (158)
[2020.10.20-08.45.43:747][879]LogModuleManager: Shutting down and abandoning module XGEController (156)
[2020.10.20-08.45.43:747][879]LogModuleManager: Shutting down and abandoning module TargetPlatform (154)
[2020.10.20-08.45.43:747][879]LogModuleManager: Shutting down and abandoning module VulkanShaderFormat (153)
[2020.10.20-08.45.43:747][879]LogModuleManager: Shutting down and abandoning module ShaderFormatVectorVM (151)
[2020.10.20-08.45.43:747][879]LogModuleManager: Shutting down and abandoning module ShaderFormatOpenGL (149)
[2020.10.20-08.45.43:747][879]LogModuleManager: Shutting down and abandoning module ShaderFormatD3D (147)
[2020.10.20-08.45.43:747][879]LogModuleManager: Shutting down and abandoning module MetalShaderFormat (145)
[2020.10.20-08.45.43:747][879]LogModuleManager: Shutting down and abandoning module TextureFormatUncompressed (143)
[2020.10.20-08.45.43:747][879]LogModuleManager: Shutting down and abandoning module TextureFormatPVR (141)
[2020.10.20-08.45.43:747][879]LogModuleManager: Shutting down and abandoning module TextureFormatDXT (139)
[2020.10.20-08.45.43:747][879]LogModuleManager: Shutting down and abandoning module TextureFormatIntelISPCTexComp (137)
[2020.10.20-08.45.43:747][879]LogModuleManager: Shutting down and abandoning module TextureFormatASTC (135)
[2020.10.20-08.45.43:747][879]LogModuleManager: Shutting down and abandoning module ImageWrapper (134)
[2020.10.20-08.45.43:747][879]LogModuleManager: Shutting down and abandoning module TextureFormatAndroid (131)
[2020.10.20-08.45.43:747][879]LogModuleManager: Shutting down and abandoning module AudioFormatOpus (129)
[2020.10.20-08.45.43:747][879]LogModuleManager: Shutting down and abandoning module AudioFormatOgg (127)
[2020.10.20-08.45.43:747][879]LogModuleManager: Shutting down and abandoning module AudioFormatADPCM (125)
[2020.10.20-08.45.43:747][879]LogModuleManager: Shutting down and abandoning module WindowsServerTargetPlatform (123)
[2020.10.20-08.45.43:747][879]LogModuleManager: Shutting down and abandoning module WindowsClientTargetPlatform (121)
[2020.10.20-08.45.43:747][879]LogModuleManager: Shutting down and abandoning module WindowsTargetPlatform (119)
[2020.10.20-08.45.43:747][879]LogModuleManager: Shutting down and abandoning module WindowsNoEditorTargetPlatform (117)
[2020.10.20-08.45.43:747][879]LogModuleManager: Shutting down and abandoning module InputCore (114)
[2020.10.20-08.45.43:747][879]LogModuleManager: Shutting down and abandoning module Settings (112)
[2020.10.20-08.45.43:747][879]LogModuleManager: Shutting down and abandoning module PhysXCooking (110)
[2020.10.20-08.45.43:747][879]LogModuleManager: Shutting down and abandoning module ChaosSolvers (108)
[2020.10.20-08.45.43:747][879]LogModuleManager: Shutting down and abandoning module FieldSystemEngine (107)
[2020.10.20-08.45.43:747][879]LogModuleManager: Shutting down and abandoning module Chaos (104)
[2020.10.20-08.45.43:747][879]LogModuleManager: Shutting down and abandoning module WindowsPlatformFeatures (102)
[2020.10.20-08.45.43:747][879]LogModuleManager: Shutting down and abandoning module GameplayMediaEncoder (101)
[2020.10.20-08.45.43:747][879]LogModuleManager: Shutting down and abandoning module AVEncoder (100)
[2020.10.20-08.45.43:747][879]LogModuleManager: Shutting down and abandoning module SteamVRInputDevice (96)
[2020.10.20-08.45.43:747][879]LogModuleManager: Shutting down and abandoning module SteamVRInput (94)
[2020.10.20-08.45.43:747][879]LogModuleManager: Shutting down and abandoning module SteamVR (92)
[2020.10.20-08.45.43:747][879]LogHMD: Freeing OpenVRDLLHandle.
[2020.10.20-08.45.43:747][879]LogModuleManager: Shutting down and abandoning module OculusHMD (90)
[2020.10.20-08.45.43:747][879]LogModuleManager: Shutting down and abandoning module ExampleDeviceProfileSelector (88)
[2020.10.20-08.45.43:747][879]LogModuleManager: Shutting down and abandoning module LauncherChunkInstaller (86)
[2020.10.20-08.45.43:747][879]LogModuleManager: Shutting down and abandoning module OnlineBlueprintSupport (84)
[2020.10.20-08.45.43:747][879]LogModuleManager: Shutting down and abandoning module OnlineSubsystem (80)
[2020.10.20-08.45.43:748][879]LogModuleManager: Shutting down and abandoning module SteamShared (74)
[2020.10.20-08.45.43:748][879]LogSteamShared: Freeing the Steam Loaded Modules...
[2020.10.20-08.45.43:748][879]LogModuleManager: Shutting down and abandoning module XMPP (71)
[2020.10.20-08.45.43:748][879]LogModuleManager: Shutting down and abandoning module WebSockets (70)
[2020.10.20-08.45.43:774][879]LogModuleManager: Shutting down and abandoning module HTTP (67)
[2020.10.20-08.45.43:806][879]LogModuleManager: Shutting down and abandoning module SSL (66)
[2020.10.20-08.45.43:807][879]LogModuleManager: Shutting down and abandoning module WmfMedia (62)
[2020.10.20-08.45.43:809][879]LogModuleManager: Shutting down and abandoning module Media (61)
[2020.10.20-08.45.43:809][879]LogModuleManager: Shutting down and abandoning module MagicLeap (58)
[2020.10.20-08.45.43:809][879]LogModuleManager: Shutting down and abandoning module NiagaraVertexFactories (56)
[2020.10.20-08.45.43:809][879]LogModuleManager: Shutting down and abandoning module NiagaraShader (54)
[2020.10.20-08.45.43:809][879]LogModuleManager: Shutting down and abandoning module VariantManagerContent (52)
[2020.10.20-08.45.43:809][879]LogModuleManager: Shutting down and abandoning module DatasmithContent (50)
[2020.10.20-08.45.43:809][879]LogModuleManager: Shutting down and abandoning module AISupportModule (48)
[2020.10.20-08.45.43:809][879]LogModuleManager: Shutting down and abandoning module DesktopPlatform (46)
[2020.10.20-08.45.43:809][879]LogModuleManager: Shutting down and abandoning module PlatformCryptoOpenSSL (44)
[2020.10.20-08.45.43:810][879]LogModuleManager: Shutting down and abandoning module PlatformCryptoTypes (42)
[2020.10.20-08.45.43:810][879]LogModuleManager: Shutting down and abandoning module PlatformCrypto (40)
[2020.10.20-08.45.43:810][879]LogModuleManager: Shutting down and abandoning module AnimationModifiers (38)
[2020.10.20-08.45.43:810][879]LogModuleManager: Shutting down and abandoning module PropertyEditor (37)
[2020.10.20-08.45.43:810][879]LogModuleManager: Shutting down and abandoning module AudioEditor (34)
[2020.10.20-08.45.43:810][879]LogModuleManager: Shutting down and abandoning module TextureCompressor (32)
[2020.10.20-08.45.43:810][879]LogModuleManager: Shutting down and abandoning module RenderCore (30)
[2020.10.20-08.45.43:810][879]LogModuleManager: Shutting down and abandoning module Landscape (28)
[2020.10.20-08.45.43:810][879]LogModuleManager: Shutting down and abandoning module SlateRHIRenderer (26)
[2020.10.20-08.45.43:810][879]LogModuleManager: Shutting down and abandoning module OpenGLDrv (24)
[2020.10.20-08.45.43:810][879]LogModuleManager: Shutting down and abandoning module D3D11RHI (22)
[2020.10.20-08.45.43:810][879]LogModuleManager: Shutting down and abandoning module AnimGraphRuntime (20)
[2020.10.20-08.45.43:810][879]LogModuleManager: Shutting down and abandoning module Renderer (18)
[2020.10.20-08.45.43:810][879]LogModuleManager: Shutting down and abandoning module Engine (16)
[2020.10.20-08.45.43:810][879]LogModuleManager: Shutting down and abandoning module CoreUObject (14)
[2020.10.20-08.45.43:810][879]LogModuleManager: Shutting down and abandoning module NetworkFile (12)
[2020.10.20-08.45.43:810][879]LogModuleManager: Shutting down and abandoning module CookedIterativeFile (10)
[2020.10.20-08.45.43:810][879]LogModuleManager: Shutting down and abandoning module StreamingFile (8)
[2020.10.20-08.45.43:810][879]LogModuleManager: Shutting down and abandoning module SandboxFile (6)
[2020.10.20-08.45.43:810][879]LogModuleManager: Shutting down and abandoning module PakFile (4)
[2020.10.20-08.45.43:810][879]LogModuleManager: Shutting down and abandoning module RSA (3)
[2020.10.20-08.45.44:160][879]LogContentStreaming: Display: There are 1 unreleased StreamingManagers
[2020.10.20-08.45.44:160][879]LogD3D11RHI: Shutdown
[2020.10.20-08.45.44:160][879]LogD3D11RHI: CleanupD3DDevice
[2020.10.20-08.45.44:167][879]LogExit: Exiting.
[2020.10.20-08.45.44:206][879]Log file closed, 10/20/20 10:45:44
